                               -----------------                                
                                    DIALECT                                     
                               -----------------                                
                                 version: 0.2.0                                 
                                                                                
            :::::::::::::::::::::::::::::::::::::::::::::::::::::::             
            ::                   Roland Mitric                   ::             
            ::  Institute of Physical and Theoretical Chemistry  ::             
            ::              University of Wuerzburg              ::             
        ::::::...................................................::::::         
        :: Contributors:                                             ::         
        :: --------                                                  ::         
        :: Richard Einsele       <richard.einsele@uni-wuerzburg.de>  ::         
        :: Joscha Hoche             <joscha.hoche@uni-wuerzburg.de>  ::         
        :: Xincheng Miao           <xincheng.miao@uni-wuerzburg.de>  ::         
        :: Luca Nils Philipp   <luca_nils.philipp@uni-wuerzburg.de>  ::         
        :::::::::::::::::::::::::::::::::::::::::::::::::::::::::::::::         
                                                                                
                                                                                
--------------------------------------------------------------------------------
                   Finished input check. No problems occured!                   
-------------------------------------------------------------------------------- 
                                                                                 
                                                                                
                             Geometry optimization                              
--------------------------------------------------------------------------------

                                                                                
                                  SCC-Routine                                   
--------------------------------------------------------------------------------
max. iterations:          250
electronic temperature:   0 K
repulsive energy:         0.08402477456851 Hartree
                                                                                
SCC Iterations: all quantities are in atomic units 
-------------------------------------------------------------- 
Iter.         SCC Energy       Energy diff.           dq diff.
-------------------------------------------------------------- 
    1    -1.2509386971e1    0.0000000000000    1.0578603538e-1
    2    -1.2509733727e1    3.4675607188e-4    3.6996966800e-2
    3    -1.2512490543e1    2.7568167625e-3    5.3089982068e-5
    4    -1.2512487427e1   -3.1160383962e-6    3.4221229367e-7
    5    -1.2512487430e1    2.8981546052e-9    4.2199681501e-7
    6    -1.2512487430e1  -2.8634872251e-12    5.5239259016e-7
    7    -1.2512487430e1  -1.4210854715e-13    7.3058373818e-7
    8    -1.2512487430e1  -8.2778228716e-13    9.6833391972e-7
    9    -1.2512487430e1   1.4031620310e-10    9.0034534098e-7
   10    -1.2512487430e1  -1.2486367496e-10    3.4923127403e-7
   11    -1.2512487430e1  -1.4861001318e-11    3.7768322350e-9
-------------------------------------------------------------- 
                        SCC converged                         
                                                                                 
dftb energy: -12.51248743019843 Hartree
dispersion energy:   0.00000000000000 Hartree
Total energy: -12.51248743019843 Hartree
-------------------------------------------------------------------------------- 
                                                       elapsed time:     0.00 s
                                                                                
                           Iterative Davidson Routine                           
--------------------------------------------------------------------------------
Energy is converged when residual is below: 1.00e-5
Maximum number of iterations: 100
  10  Roots will be computed. 
--------------------------------------------------------------------------- 
Iter.   Roots conv.    Roots left  #subsp. Vec.    Total dev.      Max dev.
---------------------------------------------------------------------------
    1             5             5            10    0.47786459    0.15057402
    2             5             5            15    0.01557059    0.00513981
    3             7             3            20    0.00033782    0.00015715
    4            10             0            23    0.00001134    0.00000567
---------------------------------------------------------------------------
 Davidson routine converged
                                                       elapsed time:     0.00 s
--------------------------------------------------------------------------------
                                                                                

                                                                                
                                  SCC-Routine                                   
--------------------------------------------------------------------------------
max. iterations:          250
electronic temperature:   0 K
repulsive energy:         0.06932922055149 Hartree
                                                                                
SCC Iterations: all quantities are in atomic units 
-------------------------------------------------------------- 
Iter.         SCC Energy       Energy diff.           dq diff.
-------------------------------------------------------------- 
    1    -1.2508517787e1    0.0000000000000    9.3588164580e-3
    2    -1.2508353477e1   -1.6430942395e-4    3.1487285478e-3
    3    -1.2508540433e1    1.8695554037e-4    1.8157875677e-6
    4    -1.2508540327e1   -1.0553795882e-7    8.4134862311e-8
    5    -1.2508540327e1   5.6919802205e-11    1.2142904271e-7
    6    -1.2508540327e1  -5.5599969073e-13    1.6982341542e-7
    7    -1.2508540327e1   6.2350125063e-13    2.3632655899e-7
    8    -1.2508540327e1  -8.1712414612e-13    3.2859051422e-7
    9    -1.2508540327e1   4.3129944061e-12    1.9353496318e-7
   10    -1.2508540327e1  -1.4939161019e-12    4.1057068692e-9
-------------------------------------------------------------- 
                        SCC converged                         
                                                                                 
dftb energy: -12.50854032738208 Hartree
dispersion energy:   0.00000000000000 Hartree
Total energy: -12.50854032738208 Hartree
-------------------------------------------------------------------------------- 
                                                       elapsed time:     0.00 s
                                                                                
                           Iterative Davidson Routine                           
--------------------------------------------------------------------------------
Energy is converged when residual is below: 1.00e-5
Maximum number of iterations: 100
  10  Roots will be computed. 
--------------------------------------------------------------------------- 
Iter.   Roots conv.    Roots left  #subsp. Vec.    Total dev.      Max dev.
---------------------------------------------------------------------------
    1             5             5            10    0.47763607    0.14925137
    2             5             5            15    0.01722080    0.00627339
    3             5             5            20    0.00039911    0.00013162
    4            10             0            25    0.00000003    0.00000001
---------------------------------------------------------------------------
 Davidson routine converged
                                                       elapsed time:     0.00 s
--------------------------------------------------------------------------------
                                                                                

                                                                                
                                  SCC-Routine                                   
--------------------------------------------------------------------------------
max. iterations:          250
electronic temperature:   0 K
repulsive energy:         0.06932922055149 Hartree
                                                                                
SCC Iterations: all quantities are in atomic units 
-------------------------------------------------------------- 
Iter.         SCC Energy       Energy diff.           dq diff.
-------------------------------------------------------------- 
    1    -1.2508540327e1    0.0000000000000    1.3213947150e-9
    2    -1.2508540327e1  -7.1054273576e-14   5.3179393490e-10
-------------------------------------------------------------- 
                        SCC converged                         
                                                                                 
dftb energy: -12.50854032737969 Hartree
dispersion energy:   0.00000000000000 Hartree
Total energy: -12.50854032737969 Hartree
-------------------------------------------------------------------------------- 
                                                       elapsed time:     0.00 s
                                                                                
                           Iterative Davidson Routine                           
--------------------------------------------------------------------------------
Energy is converged when residual is below: 1.00e-5
Maximum number of iterations: 100
  10  Roots will be computed. 
--------------------------------------------------------------------------- 
Iter.   Roots conv.    Roots left  #subsp. Vec.    Total dev.      Max dev.
---------------------------------------------------------------------------
    1             5             5            10    0.47763607    0.14925137
    2             5             5            15    0.01722080    0.00627339
    3             5             5            20    0.00039911    0.00013162
    4            10             0            25    0.00000003    0.00000001
---------------------------------------------------------------------------
 Davidson routine converged
                                                       elapsed time:     0.00 s
--------------------------------------------------------------------------------
                                                                                

Optimization Cycle: 1
 
                              Maximum     Tolerance     Cnvgd?
          Gradient            0.03904957     0.00000100     No
          Displacement        0.00000000     0.00000100     Yes
          Energy change       0.00497833     0.00000010     No
 
                                                                                
                                  SCC-Routine                                   
--------------------------------------------------------------------------------
max. iterations:          250
electronic temperature:   0 K
repulsive energy:         0.06057340893462 Hartree
                                                                                
SCC Iterations: all quantities are in atomic units 
-------------------------------------------------------------- 
Iter.         SCC Energy       Energy diff.           dq diff.
-------------------------------------------------------------- 
    1    -1.2508806037e1    0.0000000000000    9.7674592956e-4
    2    -1.2508825765e1    1.9728111580e-5    3.3168600474e-4
    3    -1.2508806277e1   -1.9488357379e-5    2.1036215961e-7
    4    -1.2508806287e1    9.8845145402e-9    1.6731838264e-7
    5    -1.2508806287e1  -6.7430505624e-12    2.3260661795e-7
    6    -1.2508806287e1   1.6395773628e-12    3.2447430738e-7
    7    -1.2508806287e1  -2.3163693186e-12    4.5282778309e-7
    8    -1.2508806287e1   9.2406082786e-12    6.2995368127e-7
    9    -1.2508806287e1  -2.4822810474e-11    3.6671663180e-7
   10    -1.2508806287e1   1.7058354729e-11   7.1598377890e-10
-------------------------------------------------------------- 
                        SCC converged                         
                                                                                 
dftb energy: -12.50880628658551 Hartree
dispersion energy:   0.00000000000000 Hartree
Total energy: -12.50880628658551 Hartree
-------------------------------------------------------------------------------- 
                                                       elapsed time:     0.00 s
                                                                                
                           Iterative Davidson Routine                           
--------------------------------------------------------------------------------
Energy is converged when residual is below: 1.00e-5
Maximum number of iterations: 100
  10  Roots will be computed. 
--------------------------------------------------------------------------- 
Iter.   Roots conv.    Roots left  #subsp. Vec.    Total dev.      Max dev.
---------------------------------------------------------------------------
    1             5             5            10    0.47759644    0.14916764
    2             5             5            15    0.01747584    0.00637391
    3             5             5            20    0.00041382    0.00013671
    4            10             0            25    0.00000003    0.00000002
---------------------------------------------------------------------------
 Davidson routine converged
                                                       elapsed time:     0.00 s
--------------------------------------------------------------------------------
                                                                                

                                                                                
                                  SCC-Routine                                   
--------------------------------------------------------------------------------
max. iterations:          250
electronic temperature:   0 K
repulsive energy:         0.06057340893462 Hartree
                                                                                
SCC Iterations: all quantities are in atomic units 
-------------------------------------------------------------- 
Iter.         SCC Energy       Energy diff.           dq diff.
-------------------------------------------------------------- 
    1    -1.2508806287e1    0.0000000000000   2.7466301854e-10
    2    -1.2508806287e1  -3.2862601529e-12   1.0961651775e-10
-------------------------------------------------------------- 
                        SCC converged                         
                                                                                 
dftb energy: -12.50880628658222 Hartree
dispersion energy:   0.00000000000000 Hartree
Total energy: -12.50880628658222 Hartree
-------------------------------------------------------------------------------- 
                                                       elapsed time:     0.00 s
                                                                                
                           Iterative Davidson Routine                           
--------------------------------------------------------------------------------
Energy is converged when residual is below: 1.00e-5
Maximum number of iterations: 100
  10  Roots will be computed. 
--------------------------------------------------------------------------- 
Iter.   Roots conv.    Roots left  #subsp. Vec.    Total dev.      Max dev.
---------------------------------------------------------------------------
    1             5             5            10    0.47759644    0.14916764
    2             5             5            15    0.01747584    0.00637391
    3             5             5            20    0.00041382    0.00013671
    4            10             0            25    0.00000003    0.00000002
---------------------------------------------------------------------------
 Davidson routine converged
                                                       elapsed time:     0.00 s
--------------------------------------------------------------------------------
                                                                                

Optimization Cycle: 2
 
                              Maximum     Tolerance     Cnvgd?
          Gradient            0.01315096     0.00000100     No
          Displacement        0.03904963     0.00000100     No
          Energy change       0.00096414     0.00000010     No
 
                                                                                
                                  SCC-Routine                                   
--------------------------------------------------------------------------------
max. iterations:          250
electronic temperature:   0 K
repulsive energy:         0.02318544490532 Hartree
                                                                                
SCC Iterations: all quantities are in atomic units 
-------------------------------------------------------------- 
Iter.         SCC Energy       Energy diff.           dq diff.
-------------------------------------------------------------- 
    1    -1.2505750275e1    0.0000000000000    1.7365010619e-3
    2    -1.2505788441e1    3.8166191690e-5    6.0667891345e-4
    3    -1.2505751084e1   -3.7356931610e-5    5.7495175188e-7
    4    -1.2505751103e1    1.9586945399e-8    6.8077743010e-7
    5    -1.2505751103e1  -2.2705393121e-11    9.7664014330e-7
    6    -1.2505751103e1   1.5887735572e-11    1.4037223513e-6
    7    -1.2505751103e1  -2.6211921522e-11    2.0169870626e-6
    8    -1.2505751103e1   8.9146467985e-11    2.8454445907e-6
    9    -1.2505751103e1  -2.2810731082e-10    1.6588805769e-6
   10    -1.2505751103e1   1.5701751011e-10    4.8190321331e-9
-------------------------------------------------------------- 
                        SCC converged                         
                                                                                 
dftb energy: -12.50575110334597 Hartree
dispersion energy:   0.00000000000000 Hartree
Total energy: -12.50575110334597 Hartree
-------------------------------------------------------------------------------- 
                                                       elapsed time:     0.00 s
                                                                                
                           Iterative Davidson Routine                           
--------------------------------------------------------------------------------
Energy is converged when residual is below: 1.00e-5
Maximum number of iterations: 100
  10  Roots will be computed. 
--------------------------------------------------------------------------- 
Iter.   Roots conv.    Roots left  #subsp. Vec.    Total dev.      Max dev.
---------------------------------------------------------------------------
    1             5             5            10    0.47747158    0.14850945
    2             5             5            15    0.01917075    0.00716665
    3             5             5            20    0.00050627    0.00015419
    4            10             0            25    0.00000005    0.00000002
---------------------------------------------------------------------------
 Davidson routine converged
                                                       elapsed time:     0.00 s
--------------------------------------------------------------------------------
                                                                                

                                                                                
                                  SCC-Routine                                   
--------------------------------------------------------------------------------
max. iterations:          250
electronic temperature:   0 K
repulsive energy:         0.02318544490532 Hartree
                                                                                
SCC Iterations: all quantities are in atomic units 
-------------------------------------------------------------- 
Iter.         SCC Energy       Energy diff.           dq diff.
-------------------------------------------------------------- 
    1    -1.2505751103e1    0.0000000000000    2.4158591658e-9
    2    -1.2505751103e1  -3.3299585311e-11   9.1970037328e-10
-------------------------------------------------------------- 
                        SCC converged                         
                                                                                 
dftb energy: -12.50575110331280 Hartree
dispersion energy:   0.00000000000000 Hartree
Total energy: -12.50575110331280 Hartree
-------------------------------------------------------------------------------- 
                                                       elapsed time:     0.00 s
                                                                                
                           Iterative Davidson Routine                           
--------------------------------------------------------------------------------
Energy is converged when residual is below: 1.00e-5
Maximum number of iterations: 100
  10  Roots will be computed. 
--------------------------------------------------------------------------- 
Iter.   Roots conv.    Roots left  #subsp. Vec.    Total dev.      Max dev.
---------------------------------------------------------------------------
    1             5             5            10    0.47747158    0.14850945
    2             5             5            15    0.01917075    0.00716665
    3             5             5            20    0.00050627    0.00015419
    4            10             0            25    0.00000005    0.00000002
---------------------------------------------------------------------------
 Davidson routine converged
                                                       elapsed time:     0.00 s
--------------------------------------------------------------------------------
                                                                                

Optimization Cycle: 3
 
                              Maximum     Tolerance     Cnvgd?
          Gradient            0.00998820     0.00000100     No
          Displacement        0.01275568     0.00000100     No
          Energy change       0.00203973     0.00000010     No
 
                                                                                
                                  SCC-Routine                                   
--------------------------------------------------------------------------------
max. iterations:          250
electronic temperature:   0 K
repulsive energy:         0.02128736525277 Hartree
                                                                                
SCC Iterations: all quantities are in atomic units 
-------------------------------------------------------------- 
Iter.         SCC Energy       Energy diff.           dq diff.
-------------------------------------------------------------- 
    1    -1.2505204357e1    0.0000000000000    3.2459573447e-4
    2    -1.2505197365e1   -6.9914731178e-6    1.1334711347e-4
    3    -1.2505204390e1    7.0241790269e-6    9.6490251659e-8
    4    -1.2505204386e1   -3.7835192757e-9    1.0252953608e-7
    5    -1.2505204386e1   4.1389114358e-12    1.4727135049e-7
    6    -1.2505204386e1  -1.8935963908e-12    2.1230314675e-7
    7    -1.2505204386e1   2.3749890943e-12    3.0615901424e-7
    8    -1.2505204386e1  -1.1063150396e-11    4.3620337759e-7
    9    -1.2505204386e1   3.5427660805e-11    2.5583776469e-7
   10    -1.2505204386e1  -2.5597302056e-11    1.6163820616e-9
-------------------------------------------------------------- 
                        SCC converged                         
                                                                                 
dftb energy: -12.50520438587441 Hartree
dispersion energy:   0.00000000000000 Hartree
Total energy: -12.50520438587441 Hartree
-------------------------------------------------------------------------------- 
                                                       elapsed time:     0.00 s
                                                                                
                           Iterative Davidson Routine                           
--------------------------------------------------------------------------------
Energy is converged when residual is below: 1.00e-5
Maximum number of iterations: 100
  10  Roots will be computed. 
--------------------------------------------------------------------------- 
Iter.   Roots conv.    Roots left  #subsp. Vec.    Total dev.      Max dev.
---------------------------------------------------------------------------
    1             5             5            10    0.47747017    0.14843123
    2             5             5            15    0.01934180    0.00726077
    3             5             5            20    0.00051410    0.00015390
    4            10             0            25    0.00000005    0.00000003
---------------------------------------------------------------------------
 Davidson routine converged
                                                       elapsed time:     0.00 s
--------------------------------------------------------------------------------
                                                                                

                                                                                
                                  SCC-Routine                                   
--------------------------------------------------------------------------------
max. iterations:          250
electronic temperature:   0 K
repulsive energy:         0.02128736525277 Hartree
                                                                                
SCC Iterations: all quantities are in atomic units 
-------------------------------------------------------------- 
Iter.         SCC Energy       Energy diff.           dq diff.
-------------------------------------------------------------- 
    1    -1.2505204386e1    0.0000000000000   9.9636196952e-10
    2    -1.2505204386e1   5.4267701444e-12   3.8915395545e-10
-------------------------------------------------------------- 
                        SCC converged                         
                                                                                 
dftb energy: -12.50520438587975 Hartree
dispersion energy:   0.00000000000000 Hartree
Total energy: -12.50520438587975 Hartree
-------------------------------------------------------------------------------- 
                                                       elapsed time:     0.00 s
                                                                                
                           Iterative Davidson Routine                           
--------------------------------------------------------------------------------
Energy is converged when residual is below: 1.00e-5
Maximum number of iterations: 100
  10  Roots will be computed. 
--------------------------------------------------------------------------- 
Iter.   Roots conv.    Roots left  #subsp. Vec.    Total dev.      Max dev.
---------------------------------------------------------------------------
    1             5             5            10    0.47747017    0.14843123
    2             5             5            15    0.01934180    0.00726077
    3             5             5            20    0.00051410    0.00015390
    4            10             0            25    0.00000005    0.00000003
---------------------------------------------------------------------------
 Davidson routine converged
                                                       elapsed time:     0.00 s
--------------------------------------------------------------------------------
                                                                                

Optimization Cycle: 4
 
                              Maximum     Tolerance     Cnvgd?
          Gradient            0.00174502     0.00000100     No
          Displacement        0.05448118     0.00000100     No
          Energy change       0.00001412     0.00000010     No
 
                                                                                
                                  SCC-Routine                                   
--------------------------------------------------------------------------------
max. iterations:          250
electronic temperature:   0 K
repulsive energy:         0.02115514709314 Hartree
                                                                                
SCC Iterations: all quantities are in atomic units 
-------------------------------------------------------------- 
Iter.         SCC Energy       Energy diff.           dq diff.
-------------------------------------------------------------- 
    1    -1.2505125537e1    0.0000000000000    7.9375828878e-5
    2    -1.2505123823e1   -1.7134012609e-6    2.7709244402e-5
    3    -1.2505125539e1    1.7160551238e-6    8.2865854282e-8
    4    -1.2505125538e1  -9.2932417317e-10    1.1442942560e-7
    5    -1.2505125538e1   8.5780271775e-12    1.6417241777e-7
    6    -1.2505125538e1  -1.0677680962e-11    2.3497851252e-7
    7    -1.2505125538e1   1.4798828829e-11    3.3323348118e-7
    8    -1.2505125538e1  -4.0701664261e-11    3.9054748607e-7
    9    -1.2505125538e1   4.0666137124e-11    1.9584194696e-7
   10    -1.2505125538e1  -8.4767748376e-12   5.4775871798e-10
-------------------------------------------------------------- 
                        SCC converged                         
                                                                                 
dftb energy: -12.50512553839629 Hartree
dispersion energy:   0.00000000000000 Hartree
Total energy: -12.50512553839629 Hartree
-------------------------------------------------------------------------------- 
                                                       elapsed time:     0.00 s
                                                                                
                           Iterative Davidson Routine                           
--------------------------------------------------------------------------------
Energy is converged when residual is below: 1.00e-5
Maximum number of iterations: 100
  10  Roots will be computed. 
--------------------------------------------------------------------------- 
Iter.   Roots conv.    Roots left  #subsp. Vec.    Total dev.      Max dev.
---------------------------------------------------------------------------
    1             5             5            10    0.47747057    0.14841983
    2             5             5            15    0.01936427    0.00727422
    3             5             5            20    0.00051499    0.00015370
    4            10             0            25    0.00000005    0.00000003
---------------------------------------------------------------------------
 Davidson routine converged
                                                       elapsed time:     0.00 s
--------------------------------------------------------------------------------
                                                                                

                                                                                
                                  SCC-Routine                                   
--------------------------------------------------------------------------------
max. iterations:          250
electronic temperature:   0 K
repulsive energy:         0.02115514709314 Hartree
                                                                                
SCC Iterations: all quantities are in atomic units 
-------------------------------------------------------------- 
Iter.         SCC Energy       Energy diff.           dq diff.
-------------------------------------------------------------- 
    1    -1.2505125538e1    0.0000000000000   2.2573514823e-10
    2    -1.2505125538e1   4.6878056992e-12   8.3790330865e-11
-------------------------------------------------------------- 
                        SCC converged                         
                                                                                 
dftb energy: -12.50512553840094 Hartree
dispersion energy:   0.00000000000000 Hartree
Total energy: -12.50512553840094 Hartree
-------------------------------------------------------------------------------- 
                                                       elapsed time:     0.00 s
                                                                                
                           Iterative Davidson Routine                           
--------------------------------------------------------------------------------
Energy is converged when residual is below: 1.00e-5
Maximum number of iterations: 100
  10  Roots will be computed. 
--------------------------------------------------------------------------- 
Iter.   Roots conv.    Roots left  #subsp. Vec.    Total dev.      Max dev.
---------------------------------------------------------------------------
    1             5             5            10    0.47747057    0.14841983
    2             5             5            15    0.01936427    0.00727422
    3             5             5            20    0.00051499    0.00015370
    4            10             0            25    0.00000005    0.00000003
---------------------------------------------------------------------------
 Davidson routine converged
                                                       elapsed time:     0.00 s
--------------------------------------------------------------------------------
                                                                                

Optimization Cycle: 5
 
                              Maximum     Tolerance     Cnvgd?
          Gradient            0.00028984     0.00000100     No
          Displacement        0.00261859     0.00000100     No
          Energy change       0.00000030     0.00000010     No
 
                                                                                
                                  SCC-Routine                                   
--------------------------------------------------------------------------------
max. iterations:          250
electronic temperature:   0 K
repulsive energy:         0.02116351923626 Hartree
                                                                                
SCC Iterations: all quantities are in atomic units 
-------------------------------------------------------------- 
Iter.         SCC Energy       Energy diff.           dq diff.
-------------------------------------------------------------- 
    1    -1.2505125313e1    0.0000000000000    2.4070135704e-6
    2    -1.2505125261e1   -5.1991234429e-8    8.4114325234e-7
    3    -1.2505125313e1    5.2042572918e-8    3.9746464714e-8
    4    -1.2505125313e1  -6.1319838096e-11    4.0614590898e-8
    5    -1.2505125313e1   1.6694201577e-11    3.3266606849e-8
    6    -1.2505125313e1  -7.0699002208e-12    2.2968029201e-8
    7    -1.2505125313e1   2.7426949600e-12    1.4424008020e-8
    8    -1.2505125313e1   9.7521990483e-13    6.1135360347e-9
-------------------------------------------------------------- 
                        SCC converged                         
                                                                                 
dftb energy: -12.50512531306756 Hartree
dispersion energy:   0.00000000000000 Hartree
Total energy: -12.50512531306756 Hartree
-------------------------------------------------------------------------------- 
                                                       elapsed time:     0.00 s
                                                                                
                           Iterative Davidson Routine                           
--------------------------------------------------------------------------------
Energy is converged when residual is below: 1.00e-5
Maximum number of iterations: 100
  10  Roots will be computed. 
--------------------------------------------------------------------------- 
Iter.   Roots conv.    Roots left  #subsp. Vec.    Total dev.      Max dev.
---------------------------------------------------------------------------
    1             5             5            10    0.47747055    0.14841974
    2             5             5            15    0.01936421    0.00727426
    3             5             5            20    0.00051497    0.00015369
    4            10             0            25    0.00000005    0.00000003
---------------------------------------------------------------------------
 Davidson routine converged
                                                       elapsed time:     0.00 s
--------------------------------------------------------------------------------
                                                                                

                                                                                
                                  SCC-Routine                                   
--------------------------------------------------------------------------------
max. iterations:          250
electronic temperature:   0 K
repulsive energy:         0.02116351923626 Hartree
                                                                                
SCC Iterations: all quantities are in atomic units 
-------------------------------------------------------------- 
Iter.         SCC Energy       Energy diff.           dq diff.
-------------------------------------------------------------- 
    1    -1.2505125313e1    0.0000000000000    1.6385468036e-9
    2    -1.2505125313e1   1.1119993815e-12   9.7200965102e-10
-------------------------------------------------------------- 
                        SCC converged                         
                                                                                 
dftb energy: -12.50512531306690 Hartree
dispersion energy:   0.00000000000000 Hartree
Total energy: -12.50512531306690 Hartree
-------------------------------------------------------------------------------- 
                                                       elapsed time:     0.00 s
                                                                                
                           Iterative Davidson Routine                           
--------------------------------------------------------------------------------
Energy is converged when residual is below: 1.00e-5
Maximum number of iterations: 100
  10  Roots will be computed. 
--------------------------------------------------------------------------- 
Iter.   Roots conv.    Roots left  #subsp. Vec.    Total dev.      Max dev.
---------------------------------------------------------------------------
    1             5             5            10    0.47747055    0.14841974
    2             5             5            15    0.01936421    0.00727426
    3             5             5            20    0.00051497    0.00015369
    4            10             0            25    0.00000005    0.00000003
---------------------------------------------------------------------------
 Davidson routine converged
                                                       elapsed time:     0.00 s
--------------------------------------------------------------------------------
                                                                                

Optimization Cycle: 6
 
                              Maximum     Tolerance     Cnvgd?
          Gradient            0.00000587     0.00000100     No
          Displacement        0.00037127     0.00000100     No
          Energy change       0.00000000     0.00000010     Yes
 
                                                                                
                                  SCC-Routine                                   
--------------------------------------------------------------------------------
max. iterations:          250
electronic temperature:   0 K
repulsive energy:         0.02116414349655 Hartree
                                                                                
SCC Iterations: all quantities are in atomic units 
-------------------------------------------------------------- 
Iter.         SCC Energy       Energy diff.           dq diff.
-------------------------------------------------------------- 
    1    -1.2505125381e1    0.0000000000000    6.7474967367e-8
    2    -1.2505125379e1   -1.4946976989e-9    3.2971125583e-8
    3    -1.2505125381e1    1.4185488340e-9    9.9990149363e-9
-------------------------------------------------------------- 
                        SCC converged                         
                                                                                 
dftb energy: -12.50512538067283 Hartree
dispersion energy:   0.00000000000000 Hartree
Total energy: -12.50512538067283 Hartree
-------------------------------------------------------------------------------- 
                                                       elapsed time:     0.00 s
                                                                                
                           Iterative Davidson Routine                           
--------------------------------------------------------------------------------
Energy is converged when residual is below: 1.00e-5
Maximum number of iterations: 100
  10  Roots will be computed. 
--------------------------------------------------------------------------- 
Iter.   Roots conv.    Roots left  #subsp. Vec.    Total dev.      Max dev.
---------------------------------------------------------------------------
    1             5             5            10    0.47747056    0.14841976
    2             5             5            15    0.01936419    0.00727425
    3             5             5            20    0.00051497    0.00015369
    4            10             0            25    0.00000005    0.00000003
---------------------------------------------------------------------------
 Davidson routine converged
                                                       elapsed time:     0.00 s
--------------------------------------------------------------------------------
                                                                                

                                                                                
                                  SCC-Routine                                   
--------------------------------------------------------------------------------
max. iterations:          250
electronic temperature:   0 K
repulsive energy:         0.02116401864437 Hartree
                                                                                
SCC Iterations: all quantities are in atomic units 
-------------------------------------------------------------- 
Iter.         SCC Energy       Energy diff.           dq diff.
-------------------------------------------------------------- 
    1    -1.2505125367e1    0.0000000000000    1.3812920520e-8
    2    -1.2505125368e1   3.0805935580e-10    7.2835634643e-9
-------------------------------------------------------------- 
                        SCC converged                         
                                                                                 
dftb energy: -12.50512536752051 Hartree
dispersion energy:   0.00000000000000 Hartree
Total energy: -12.50512536752051 Hartree
-------------------------------------------------------------------------------- 
                                                       elapsed time:     0.00 s
                                                                                
                           Iterative Davidson Routine                           
--------------------------------------------------------------------------------
Energy is converged when residual is below: 1.00e-5
Maximum number of iterations: 100
  10  Roots will be computed. 
--------------------------------------------------------------------------- 
Iter.   Roots conv.    Roots left  #subsp. Vec.    Total dev.      Max dev.
---------------------------------------------------------------------------
    1             5             5            10    0.47747056    0.14841975
    2             5             5            15    0.01936419    0.00727425
    3             5             5            20    0.00051497    0.00015369
    4            10             0            25    0.00000005    0.00000003
---------------------------------------------------------------------------
 Davidson routine converged
                                                       elapsed time:     0.00 s
--------------------------------------------------------------------------------
                                                                                

                                                                                
                                  SCC-Routine                                   
--------------------------------------------------------------------------------
max. iterations:          250
electronic temperature:   0 K
repulsive energy:         0.02116401864437 Hartree
                                                                                
SCC Iterations: all quantities are in atomic units 
-------------------------------------------------------------- 
Iter.         SCC Energy       Energy diff.           dq diff.
-------------------------------------------------------------- 
    1    -1.2505125367e1    0.0000000000000    4.7145177951e-9
    2    -1.2505125367e1  -2.8839153288e-11    2.7576375355e-9
-------------------------------------------------------------- 
                        SCC converged                         
                                                                                 
dftb energy: -12.50512536718361 Hartree
dispersion energy:   0.00000000000000 Hartree
Total energy: -12.50512536718361 Hartree
-------------------------------------------------------------------------------- 
                                                       elapsed time:     0.00 s
                                                                                
                           Iterative Davidson Routine                           
--------------------------------------------------------------------------------
Energy is converged when residual is below: 1.00e-5
Maximum number of iterations: 100
  10  Roots will be computed. 
--------------------------------------------------------------------------- 
Iter.   Roots conv.    Roots left  #subsp. Vec.    Total dev.      Max dev.
---------------------------------------------------------------------------
    1             5             5            10    0.47747056    0.14841975
    2             5             5            15    0.01936419    0.00727425
    3             5             5            20    0.00051497    0.00015369
    4            10             0            25    0.00000005    0.00000003
---------------------------------------------------------------------------
 Davidson routine converged
                                                       elapsed time:     0.00 s
--------------------------------------------------------------------------------
                                                                                

Optimization Cycle: 7
 
                              Maximum     Tolerance     Cnvgd?
          Gradient            0.00000029     0.00000100     Yes
          Displacement        0.00001594     0.00000100     No
          Energy change       0.00000000     0.00000010     Yes
 
                                                                                
                                  SCC-Routine                                   
--------------------------------------------------------------------------------
max. iterations:          250
electronic temperature:   0 K
repulsive energy:         0.02116425590089 Hartree
                                                                                
SCC Iterations: all quantities are in atomic units 
-------------------------------------------------------------- 
Iter.         SCC Energy       Energy diff.           dq diff.
-------------------------------------------------------------- 
    1    -1.2505125394e1    0.0000000000000    3.6447704743e-8
    2    -1.2505125394e1  -7.0592065526e-10    2.2952314651e-8
    3    -1.2505125394e1   5.8774674017e-10    3.9625367399e-9
-------------------------------------------------------------- 
                        SCC converged                         
                                                                                 
dftb energy: -12.50512539420434 Hartree
dispersion energy:   0.00000000000000 Hartree
Total energy: -12.50512539420434 Hartree
-------------------------------------------------------------------------------- 
                                                       elapsed time:     0.00 s
                                                                                
                           Iterative Davidson Routine                           
--------------------------------------------------------------------------------
Energy is converged when residual is below: 1.00e-5
Maximum number of iterations: 100
  10  Roots will be computed. 
--------------------------------------------------------------------------- 
Iter.   Roots conv.    Roots left  #subsp. Vec.    Total dev.      Max dev.
---------------------------------------------------------------------------
    1             5             5            10    0.47747055    0.14841975
    2             5             5            15    0.01936418    0.00727425
    3             5             5            20    0.00051497    0.00015369
    4            10             0            25    0.00000005    0.00000003
---------------------------------------------------------------------------
 Davidson routine converged
                                                       elapsed time:     0.00 s
--------------------------------------------------------------------------------
                                                                                

                                                                                
                                  SCC-Routine                                   
--------------------------------------------------------------------------------
max. iterations:          250
electronic temperature:   0 K
repulsive energy:         0.02116420844957 Hartree
                                                                                
SCC Iterations: all quantities are in atomic units 
-------------------------------------------------------------- 
Iter.         SCC Energy       Energy diff.           dq diff.
-------------------------------------------------------------- 
    1    -1.2505125389e1    0.0000000000000    7.7659364826e-9
    2    -1.2505125389e1   1.3574563695e-10    4.9223374031e-9
-------------------------------------------------------------- 
                        SCC converged                         
                                                                                 
dftb energy: -12.50512538903627 Hartree
dispersion energy:   0.00000000000000 Hartree
Total energy: -12.50512538903627 Hartree
-------------------------------------------------------------------------------- 
                                                       elapsed time:     0.00 s
                                                                                
                           Iterative Davidson Routine                           
--------------------------------------------------------------------------------
Energy is converged when residual is below: 1.00e-5
Maximum number of iterations: 100
  10  Roots will be computed. 
--------------------------------------------------------------------------- 
Iter.   Roots conv.    Roots left  #subsp. Vec.    Total dev.      Max dev.
---------------------------------------------------------------------------
    1             5             5            10    0.47747055    0.14841975
    2             5             5            15    0.01936418    0.00727425
    3             5             5            20    0.00051497    0.00015369
    4            10             0            25    0.00000005    0.00000003
---------------------------------------------------------------------------
 Davidson routine converged
                                                       elapsed time:     0.00 s
--------------------------------------------------------------------------------
                                                                                

                                                                                
                                  SCC-Routine                                   
--------------------------------------------------------------------------------
max. iterations:          250
electronic temperature:   0 K
repulsive energy:         0.02116420844957 Hartree
                                                                                
SCC Iterations: all quantities are in atomic units 
-------------------------------------------------------------- 
Iter.         SCC Energy       Energy diff.           dq diff.
-------------------------------------------------------------- 
    1    -1.2505125389e1    0.0000000000000    1.1128222597e-9
    2    -1.2505125389e1  -1.9559465159e-11   5.3580228134e-10
-------------------------------------------------------------- 
                        SCC converged                         
                                                                                 
dftb energy: -12.50512538888097 Hartree
dispersion energy:   0.00000000000000 Hartree
Total energy: -12.50512538888097 Hartree
-------------------------------------------------------------------------------- 
                                                       elapsed time:     0.00 s
                                                                                
                           Iterative Davidson Routine                           
--------------------------------------------------------------------------------
Energy is converged when residual is below: 1.00e-5
Maximum number of iterations: 100
  10  Roots will be computed. 
--------------------------------------------------------------------------- 
Iter.   Roots conv.    Roots left  #subsp. Vec.    Total dev.      Max dev.
---------------------------------------------------------------------------
    1             5             5            10    0.47747055    0.14841975
    2             5             5            15    0.01936418    0.00727425
    3             5             5            20    0.00051497    0.00015369
    4            10             0            25    0.00000005    0.00000003
---------------------------------------------------------------------------
 Davidson routine converged
                                                       elapsed time:     0.00 s
--------------------------------------------------------------------------------
                                                                                

Optimization Cycle: 8
 
                              Maximum     Tolerance     Cnvgd?
          Gradient            0.00000023     0.00000100     Yes
          Displacement        0.00000087     0.00000100     Yes
          Energy change       0.00000000     0.00000010     Yes
 
 
final coordinates after the optimization:
    C      -5.0287518398       2.9347816712      -0.0000000000
    C      -4.2228409269       4.1175195196      -0.0000000000
    C      -2.7956046320       4.0109496829      -0.0000000000
    C      -4.4074253787       1.6454738937      -0.0000000000
    C      -2.9801889562       1.5389039963      -0.0000000000
    C      -2.1742780632       2.7216418974       0.0000000000
    H      -6.1135758669       3.0157825646      -0.0000000000
    H      -4.6951005608       5.0975066811       0.0000000000
    H      -5.0199866406       0.7464894107       0.0000000000
    H      -2.5079282076       0.5589171638      -0.0000000000
    H      -1.0894541899       2.6406386161       0.0000000000
    H      -2.1830447375       4.9099349025      -0.0000000000

                                                                                
-------------------------------------------------------------------------------- 
                                                 total elapsed time:     0.11 s
                                                                                
                     ::::::::::::::::::::::::::::::::::::::                     
                     ::   Thank you for using DIALECT    ::                     
                     ::::::::::::::::::::::::::::::::::::::                     
                                                                                
