n_atoms: 12
coordinates:
  v: 1
  dim:
  - 12
  - 3
  data:
  - -2.613708769089236
  - 0.1858109832413138
  - -0.011978864484112938
  - -1.1500291385581811
  - 2.4328148208893623
  - -0.06647597993918476
  - 1.5081303942404936
  - 2.24306256568215
  - 0.04390695871181018
  - -1.5185161659518471
  - -2.2474720328807325
  - 0.022293485447127767
  - 1.144595589464764
  - -2.4396399699648335
  - -0.0214756621420972
  - 2.63870378257367
  - -0.17886498300545411
  - -0.02178594649551366
  - -4.66437298219616
  - 0.4386070114137148
  - 0.13749095264245284
  - -2.0910421575338822
  - 4.251877304527418
  - -0.06508223588557721
  - -2.627030619900886
  - -3.9737703085436378
  - 0.3597693291766769
  - 1.9268763248387415
  - -4.292334338228051
  - -0.16805939474207973
  - 4.698464035380749
  - -0.2708455233331332
  - 0.005681198029267334
  - 2.6477670538079052
  - 3.8975693728750516
  - 0.39173370249751766
velocities:
  v: 1
  dim:
  - 12
  - 3
  data:
  - -0.00002185090799914418
  - -0.00009324925522124651
  - -0.000014335350283712518
  - 0.00007808297314105338
  - 0.000043157723100893826
  - -0.00014408381954789993
  - 0.000043578389077143
  - -0.0001415323512185535
  - 0.00014748071061274689
  - -0.00020819439768400945
  - 0.00005757630517124938
  - 0.0001749776992943419
  - 4.5649563864933496e-6
  - -0.00002726309523284125
  - -0.0001418592361526962
  - -0.00005979200959003552
  - 0.00023145220464022894
  - -0.000037543019615623046
  - 0.0005216685127211998
  - -0.0006220751367091783
  - 0.000010313951610458574
  - -0.0003609765839759905
  - 0.0003088657748775122
  - -0.00003371244023035196
  - 0.00030942290034441
  - 0.0009076743420282577
  - -0.00009228106430313296
  - 0.0015163020119826247
  - -0.0009018335604939625
  - 9.370834290982477e-6
  - -0.00020427605770743088
  - -0.0008549392008423323
  - 0.00004891943473089219
  - 0.00016746196847195648
  - 0.00032649524342809414
  - 0.00024045630434088952
nonadiabatic_scalar:
  v: 1
  dim:
  - 1
  - 1
  data:
  - 0.0
coefficients:
  v: 1
  dim:
  - 1
  data:
  - - 1.0
    - 0.0
