                               -----------------                                
                                    DIALECT                                     
                               -----------------                                
                                 version: 0.2.0                                 
                                                                                
            :::::::::::::::::::::::::::::::::::::::::::::::::::::::             
            ::                   Roland Mitric                   ::             
            ::  Institute of Physical and Theoretical Chemistry  ::             
            ::              University of Wuerzburg              ::             
        ::::::...................................................::::::         
        :: Contributors:                                             ::         
        :: --------                                                  ::         
        :: Richard Einsele       <richard.einsele@uni-wuerzburg.de>  ::         
        :: Joscha Hoche             <joscha.hoche@uni-wuerzburg.de>  ::         
        :: Xincheng Miao           <xincheng.miao@uni-wuerzburg.de>  ::         
        :: Luca Nils Philipp   <luca_nils.philipp@uni-wuerzburg.de>  ::         
        :::::::::::::::::::::::::::::::::::::::::::::::::::::::::::::::         
                                                                                
                                                                                
--------------------------------------------------------------------------------
                   Finished input check. No problems occured!                   
-------------------------------------------------------------------------------- 
                                                                                 
                                                                                
                                  SCC-Routine                                   
--------------------------------------------------------------------------------
max. iterations:          250
electronic temperature:   0 K
repulsive energy:         0.38359206394929 Hartree
                                                                                
SCC Iterations: all quantities are in atomic units 
-------------------------------------------------------------- 
Iter.         SCC Energy       Energy diff.           dq diff.
-------------------------------------------------------------- 
    1    -1.2564921423e1    0.0000000000000    1.0935627974e-1
    2    -1.2565372091e1    4.5066827337e-4    3.7338884457e-2
    3    -1.2568159042e1    2.7869506386e-3    5.5320423539e-5
    4    -1.2568155765e1   -3.2772970009e-6    3.2202081613e-7
    5    -1.2568155768e1    3.1395774869e-9    3.9074648514e-7
    6    -1.2568155768e1  -3.1690206015e-12    5.0429859534e-7
    7    -1.2568155768e1  -8.5265128291e-14    6.5728834842e-7
    8    -1.2568155768e1  -6.8212102633e-13    8.5840847967e-7
    9    -1.2568155768e1   1.3156409295e-10    8.3419872408e-7
   10    -1.2568155768e1  -1.2119194537e-10    3.4881173651e-7
   11    -1.2568155768e1  -9.9440455870e-12    3.3399982976e-9
-------------------------------------------------------------- 
                        SCC converged                         
                                                                                 
dftb energy: -12.56815576776535 Hartree
dispersion energy:   0.00000000000000 Hartree
Total energy: -12.56815576776535 Hartree
-------------------------------------------------------------------------------- 
                                                       elapsed time:     0.00 s
                                                                                 
  Orb.    Occ.      Energy/Hartree |   Orb.    Occ.      Energy/Hartree
----------------------------------------------------------------------- 
MO:    1      2  -0.71086114657151 | MO:    2      2  -0.62596160179616
MO:    3      2  -0.62596031009925 | MO:    4      2  -0.49977783306045
MO:    5      2  -0.49977703112920 | MO:    6      2  -0.41227523984460
MO:    7      2  -0.37879794988574 | MO:    8      2  -0.37192186467758
MO:    9      2  -0.33980035006092 | MO:   10      2  -0.33979917849241
MO:   11      2  -0.33095781320728 | MO:   12      2  -0.28811784330175
MO:   13      2  -0.28811618677373 | MO:   14      2  -0.24615879818441
MO:   15      2  -0.24615680745219 | MO:   16      0  -0.05060710865675
MO:   17      0  -0.05060403523671 | MO:   18      0   0.08233975814210
MO:   19      0   0.30642569935554 | MO:   20      0   0.34310886784271
MO:   21      0   0.34311241785561 | MO:   22      0   0.48345899656980
MO:   23      0   0.49928826655915 | MO:   24      0   0.49929171539714
MO:   25      0   0.67511200442344 | MO:   26      0   0.67513159286172
MO:   27      0   0.72998433554459 | MO:   28      0   0.72999791817136
MO:   29      0   0.88100769993972 | MO:   30      0   0.99090084791307
----------------------------------------------------------------------- 
                                                                                
-------------------------------------------------------------------------------- 
                                                 total elapsed time:     0.02 s
                                                                                
                     ::::::::::::::::::::::::::::::::::::::                     
                     ::   Thank you for using DIALECT    ::                     
                     ::::::::::::::::::::::::::::::::::::::                     
                                                                                
