n_atoms: 12
coordinates:
  v: 1
  dim:
  - 12
  - 3
  data:
  - -2.697694604644979
  - 0.24479745737767733
  - 0.0030418310418741414
  - -1.2100071859774102
  - 2.4737174458879654
  - 0.012615014066727916
  - 1.5567877326308441
  - 2.317639682713121
  - -0.013736350506304208
  - -1.5247883038525063
  - -2.2985132270156674
  - 0.06184955751882034
  - 1.2101406357250148
  - -2.490824607115033
  - -0.050532927423903536
  - 2.663709574074105
  - -0.24071478080424455
  - -0.019412167271582875
  - -4.757148161247541
  - 0.3607867042134349
  - -0.13081353129157228
  - -2.1004956397576633
  - 4.3389373806874865
  - -0.08683028670701809
  - -2.633532558392794
  - -4.038248317610075
  - -0.3144574278609923
  - 2.0787926072728453
  - -4.32136044739881
  - 0.3789833630472984
  - 4.732899536436384
  - -0.43000338181743464
  - -0.0022972414283771916
  - 2.7015546192505324
  - 4.017176448519844
  - 0.2289974643084875
velocities:
  v: 1
  dim:
  - 12
  - 3
  data:
  - -0.00026729495688415433
  - 0.00018834781463815636
  - 0.00007050188299920798
  - -0.00023739612185919595
  - 0.00022719855593152089
  - -3.297610391879637e-6
  - 0.00010686394539566212
  - 0.0002790802446425775
  - -8.482101696458312e-6
  - -0.00017144184673174983
  - -0.00047767382207350353
  - 0.00004168596432905549
  - 0.00007019157434481396
  - -0.00037666935693019693
  - 0.00002942292977975199
  - 0.00045887149742021213
  - -8.06548964464439e-6
  - -0.00014226956394829249
  - -0.00032084741382468613
  - 0.0001487941867884929
  - -0.000266781097945753
  - -0.0004747501950699406
  - 0.0002273131338947277
  - -0.00043380215807766517
  - -0.00019302965952940743
  - 0.0012361342051779678
  - -0.0005341393627477824
  - 0.0006183746752626912
  - 0.00019960625222766599
  - 0.00043237222953680876
  - 0.0000408319196885661
  - 0.00015416449715755808
  - 0.00019539658552930988
  - 0.0008085177457111143
  - 0.000033293148890795405
  - 0.0007551720300696637
nonadiabatic_scalar:
  v: 1
  dim:
  - 11
  - 11
  data:
  - 0.0
  - -0.0001898655914571494
  - 0.00001946019492312747
  - 6.225480768865544e-6
  - 0.00002117423498072393
  - 2.359986754052829e-6
  - 7.8156472016383e-6
  - 0.000012885182158645531
  - -0.000015780994108200402
  - 0.00007022154841339707
  - 0.00007764568563554413
  - 0.0001898655914571494
  - 0.0
  - -0.0006346739268066441
  - -0.0002150377875577075
  - 0.00032969475506197546
  - 0.00013409283750631548
  - 0.00030488006670933705
  - 0.00015082838614953334
  - 0.00004035016661766582
  - 8.841142078371555e-6
  - -0.000023736200166745258
  - -0.00001946019492312747
  - 0.0006346739268066441
  - 0.0
  - 0.00008089071323955121
  - -0.0006776773934120435
  - -0.00015973358304335238
  - -0.00018698763227275016
  - 0.0002243057166300663
  - -0.00021982323798916284
  - 0.00003236621585821231
  - 0.000028443474944129827
  - -6.225480768865544e-6
  - 0.0002150377875577075
  - -0.00008089071323955121
  - 0.0
  - -0.0013626816256061978
  - -0.0007240847223993765
  - 0.00013675959694847985
  - -0.000014971506515373385
  - 0.00006341449502562504
  - -0.0002789359552484782
  - -0.00005447582708325099
  - -0.00002117423498072393
  - -0.00032969475506197546
  - 0.0006776773934120435
  - 0.0013626816256061978
  - 0.0
  - 0.00017746600903281658
  - 0.00035600602202219144
  - 0.0005808988572210147
  - 0.000081902802553999
  - -0.00005609501966098955
  - -0.00020176006444934592
  - -2.359986754052829e-6
  - -0.00013409283750631548
  - 0.00015973358304335238
  - 0.0007240847223993765
  - -0.00017746600903281658
  - 0.0
  - 0.0031023131944275576
  - -0.00014964540188602138
  - 0.00003444105786644592
  - -0.00003466238930998998
  - 0.00006861074032524857
  - -7.8156472016383e-6
  - -0.00030488006670933705
  - 0.00018698763227275016
  - -0.00013675959694847985
  - -0.00035600602202219144
  - -0.0031023131944275576
  - 0.0
  - -0.0012284555553871872
  - 0.0005743214223137494
  - -0.00023264828939864682
  - -0.00003987889926473016
  - -0.000012885182158645531
  - -0.00015082838614953334
  - -0.0002243057166300663
  - 0.000014971506515373385
  - -0.0005808988572210147
  - 0.00014964540188602138
  - 0.0012284555553871872
  - 0.0
  - 0.0007385522686607257
  - -0.00041981902110608616
  - 0.00017586975978665123
  - 0.000015780994108200402
  - -0.00004035016661766582
  - 0.00021982323798916284
  - -0.00006341449502562504
  - -0.000081902802553999
  - -0.00003444105786644592
  - -0.0005743214223137494
  - -0.0007385522686607257
  - 0.0
  - 0.0019861475536539558
  - -0.000173515537012477
  - -0.00007022154841339707
  - -8.841142078371555e-6
  - -0.00003236621585821231
  - 0.0002789359552484782
  - 0.00005609501966098955
  - 0.00003466238930998998
  - 0.00023264828939864682
  - 0.00041981902110608616
  - -0.0019861475536539558
  - 0.0
  - -0.0014261712844167772
  - -0.00007764568563554413
  - 0.000023736200166745258
  - -0.000028443474944129827
  - 0.00005447582708325099
  - 0.00020176006444934592
  - -0.00006861074032524857
  - 0.00003987889926473016
  - -0.00017586975978665123
  - 0.000173515537012477
  - 0.0014261712844167772
  - 0.0
coefficients:
  v: 1
  dim:
  - 11
  data:
  - - 0.00001954727119026629
    - -0.00017219737393868302
  - - 0.0031761480239937308
    - 0.006114183604226871
  - - 0.9597157823504401
    - -0.27744773165199493
  - - -0.021521540572123955
    - -0.03383026155371472
  - - 0.01526004392095296
    - -0.0015963552885032192
  - - 0.0014375637569724847
    - -0.006177626861743537
  - - 0.0030024307498158695
    - -0.0023106301450890967
  - - 0.0014523643572217878
    - 0.0011903733128706291
  - - 0.0033848043236904767
    - -0.002824445814751243
  - - 0.00006452356728309374
    - -0.00045308585423111633
  - - -0.00018146845890781301
    - -0.0000716215999762035
