                               -----------------                                
                                    DIALECT                                     
                               -----------------                                
                                 version: 0.2.0                                 
                                                                                
            :::::::::::::::::::::::::::::::::::::::::::::::::::::::             
            ::                   Roland Mitric                   ::             
            ::  Institute of Physical and Theoretical Chemistry  ::             
            ::              University of Wuerzburg              ::             
        ::::::...................................................::::::         
        :: Contributors:                                             ::         
        :: --------                                                  ::         
        :: Joscha Hoche             <joscha.hoche@uni-wuerzburg.de>  ::         
        :: Richard Einsele       <richard.einsele@uni-wuerzburg.de>  ::         
        :::::::::::::::::::::::::::::::::::::::::::::::::::::::::::::::         
                                                                                
                                                                                
--------------------------------------------------------------------------------
                   Finished input check. No problems occured!                   
-------------------------------------------------------------------------------- 
                                                                                 
                                                                                
                                  SCC-Routine                                   
--------------------------------------------------------------------------------
max. iterations:          250
electronic temperature:   0 K
repulsive energy:         0.41426095866295 Hartree
                                                                                
SCC Iterations: all quantities are in atomic units 
-------------------------------------------------------------- 
Iter.         SCC Energy       Energy diff.           dq diff.
-------------------------------------------------------------- 
    1    -1.5218505793e1    0.0000000000000    7.5158260688e-2
    2    -1.5222603610e1    4.0978176134e-3    1.1551675689e-2
    3    -1.5222603005e1   -6.0539491287e-7    2.0845933586e-3
    4    -1.5222600447e1   -2.5583181991e-6    2.9236704848e-4
    5    -1.5222600194e1   -2.5253297586e-7    3.8570991586e-5
    6    -1.5222600189e1   -5.2099835557e-9    4.9671810671e-6
    7    -1.5222600187e1   -1.9595205458e-9    6.7681412375e-7
    8    -1.5222600187e1   1.0042988663e-10    7.7811339464e-8
    9    -1.5222600187e1  -7.8872020026e-11    2.4568698111e-9
-------------------------------------------------------------- 
                        SCC converged                         
                                                                                 
dftb energy: -15.22260018695962 Hartree
dispersion energy:   0.00000000000000 Hartree
Total energy: -15.22260018695962 Hartree
-------------------------------------------------------------------------------- 
                                                       elapsed time:     0.00 s
                                                                                 
  Orb.    Occ.      Energy/Hartree |   Orb.    Occ.      Energy/Hartree
----------------------------------------------------------------------- 
MO:    1      2  -0.84260543078030 | MO:    2      2  -0.74273533626927
MO:    3      2  -0.74273447489009 | MO:    4      2  -0.60478618547182
MO:    5      2  -0.60478562269574 | MO:    6      2  -0.52541950314845
MO:    7      2  -0.48029609076168 | MO:    8      2  -0.45104998426877
MO:    9      2  -0.45013932311282 | MO:   10      2  -0.42791222973293
MO:   11      2  -0.42791098967952 | MO:   12      2  -0.36524803801995
MO:   13      2  -0.36524619966437 | MO:   14      2  -0.34115071484560
MO:   15      2  -0.34114854467719 | MO:   16      0   0.04601257195899
MO:   17      0   0.04601624184212 | MO:   18      0   0.22056489196342
MO:   19      0   0.61256661186490 | MO:   20      0   0.62353567682380
MO:   21      0   0.62354352185313 | MO:   22      0   0.91358524128537
MO:   23      0   0.91359418255124 | MO:   24      0   0.97236227880775
MO:   25      0   1.21413418324163 | MO:   26      0   1.21414981084804
MO:   27      0   1.24165969846792 | MO:   28      0   1.24168784974628
MO:   29      0   1.30607429428639 | MO:   30      0   1.77111952843721
----------------------------------------------------------------------- 
                                                                                
                           Iterative Davidson Routine                           
--------------------------------------------------------------------------------
Energy is converged when residual is below: 1.00e-5
Maximum number of iterations: 100
  10  Roots will be computed. 
--------------------------------------------------------------------------- 
Iter.   Roots conv.    Roots left  #subsp. Vec.    Total dev.      Max dev.
---------------------------------------------------------------------------
    1             1             9            10    0.38533414    0.13833794
    2             1             9            19    0.01865917    0.00377143
    3             3             7            28    0.00499962    0.00274681
    4             7             3            35    0.00521434    0.00365661
    5             8             2            38    0.00739141    0.00505727
    6             8             2            40    0.00417418    0.00223870
    7             8             2            42    0.00632692    0.00609885
    8             9             1            44    0.00096420    0.00093835
    9            10             0            45    0.00003063    0.00000720
---------------------------------------------------------------------------
 Davidson routine converged
                                                       elapsed time:     0.00 s
--------------------------------------------------------------------------------
                                                                                

                                                                                
                              Excitation Energies                               
---------------------------------------------------------------------------
Excited state     1: Excitation energy = 6.250566 eV
Total energy for state     1:       -14.992896138522 Hartree
  Multiplicity: Singlet
  Trans. Mom. (a.u.):  -0.000000 X   -0.000017 Y    0.000000 Z
  Oscillator Strength:    0.00000000
  H    --> L+1   Amplitude: -0.7071 => 50.0 %
  H-1  --> L     Amplitude: -0.7071 => 50.0 %
                                                                                
Excited state     2: Excitation energy = 6.562181 eV
Total energy for state     2:       -14.981444477959 Hartree
  Multiplicity: Singlet
  Trans. Mom. (a.u.):  -0.000079 X    0.000001 Y    0.000000 Z
  Oscillator Strength:    0.00000000
  H    --> L     Amplitude: 0.7067 => 49.9 %
  H-1  --> L+1   Amplitude: -0.7067 => 49.9 %
                                                                                
Excited state     3: Excitation energy = 6.979690 eV
Total energy for state     3:       -14.966101316919 Hartree
  Multiplicity: Singlet
  Trans. Mom. (a.u.):   0.000000 X   -0.000000 Y    0.000000 Z
  Oscillator Strength:    0.00000000
  H-2  --> L+1   Amplitude: -0.7051 => 49.7 %
  H-3  --> L     Amplitude: -0.7077 => 50.1 %
                                                                                
Excited state     4: Excitation energy = 6.993276 eV
Total energy for state     4:       -14.965602021446 Hartree
  Multiplicity: Singlet
  Trans. Mom. (a.u.):   0.000000 X   -0.000000 Y    0.000000 Z
  Oscillator Strength:    0.00000000
  H-2  --> L     Amplitude: 0.7094 => 50.3 %
  H-3  --> L+1   Amplitude: 0.7026 => 49.4 %
                                                                                
Excited state     5: Excitation energy = 6.993277 eV
Total energy for state     5:       -14.965602002129 Hartree
  Multiplicity: Singlet
  Trans. Mom. (a.u.):  -0.000000 X    0.000000 Y    0.000000 Z
  Oscillator Strength:    0.00000000
  H-2  --> L+1   Amplitude: -0.7073 => 50.0 %
  H-3  --> L     Amplitude: 0.7047 => 49.7 %
                                                                                
Excited state     6: Excitation energy = 7.008706 eV
Total energy for state     6:       -14.965034986559 Hartree
  Multiplicity: Singlet
  Trans. Mom. (a.u.):   0.000000 X    0.000000 Y    0.000000 Z
  Oscillator Strength:    0.00000000
  H-2  --> L     Amplitude: 0.7028 => 49.4 %
  H-3  --> L+1   Amplitude: -0.7097 => 50.4 %
                                                                                
Excited state     7: Excitation energy = 8.117734 eV
Total energy for state     7:       -14.924278975911 Hartree
  Multiplicity: Singlet
  Trans. Mom. (a.u.):  -1.559328 X    0.166947 Y    0.000000 Z
  Oscillator Strength:    0.48912256
  H    --> L     Amplitude: 0.7008 => 49.1 %
  H-1  --> L+1   Amplitude: 0.7009 => 49.1 %
                                                                                
Excited state     8: Excitation energy = 8.117754 eV
Total energy for state     8:       -14.924278247058 Hartree
  Multiplicity: Singlet
  Trans. Mom. (a.u.):   0.166948 X    1.559336 Y    0.000000 Z
  Oscillator Strength:    0.48912898
  H    --> L+1   Amplitude: -0.7009 => 49.1 %
  H-1  --> L     Amplitude: 0.7009 => 49.1 %
                                                                                
Excited state     9: Excitation energy = 8.652847 eV
Total energy for state     9:       -14.904613923087 Hartree
  Multiplicity: Singlet
  Trans. Mom. (a.u.):   0.000000 X    0.000000 Y    0.000000 Z
  Oscillator Strength:    0.00000000
  H-4  --> L     Amplitude: 0.7071 => 50.0 %
  H-5  --> L+1   Amplitude: 0.7043 => 49.6 %
                                                                                
Excited state    10: Excitation energy = 8.685523 eV
Total energy for state    10:       -14.903413098204 Hartree
  Multiplicity: Singlet
  Trans. Mom. (a.u.):  -0.000000 X   -0.000000 Y    0.000000 Z
  Oscillator Strength:    0.00000000
  H-2  --> L+2   Amplitude: 0.1015 =>  1.0 %
  H-4  --> L     Amplitude: 0.6968 => 48.6 %
  H-5  --> L+1   Amplitude: -0.6996 => 49.0 %
All transition with amplitudes > 0.10000000 were printed.
---------------------------------------------------------------------------

                                                 total elapsed time:     0.03 s
                                                                                
                     ::::::::::::::::::::::::::::::::::::::                     
                     ::   Thank you for using DIALECT    ::                     
                     ::::::::::::::::::::::::::::::::::::::                     
                                                                                
