                               -----------------                                
                                    DIALECT                                     
                               -----------------                                
                                 version: 0.2.0                                 
                                                                                
            :::::::::::::::::::::::::::::::::::::::::::::::::::::::             
            ::                   Roland Mitric                   ::             
            ::  Institute of Physical and Theoretical Chemistry  ::             
            ::              University of Wuerzburg              ::             
        ::::::...................................................::::::         
        :: Contributors:                                             ::         
        :: --------                                                  ::         
        :: Joscha Hoche             <joscha.hoche@uni-wuerzburg.de>  ::         
        :: Richard Einsele       <richard.einsele@uni-wuerzburg.de>  ::         
        :::::::::::::::::::::::::::::::::::::::::::::::::::::::::::::::         
                                                                                
                                                                                
--------------------------------------------------------------------------------
                   Finished input check. No problems occured!                   
-------------------------------------------------------------------------------- 
                                                                                 
                                                                                
                                  SCC-Routine                                   
--------------------------------------------------------------------------------
max. iterations:          250
electronic temperature:   0 K
repulsive energy:         0.08402477456851 Hartree
                                                                                
SCC Iterations: all quantities are in atomic units 
-------------------------------------------------------------- 
Iter.         SCC Energy       Energy diff.           dq diff.
-------------------------------------------------------------- 
    1    -1.2509688236e1    0.0000000000000    1.0578603538e-1
    2    -1.2510158204e1    4.6996811244e-4    3.5745273454e-2
    3    -1.2512551217e1    2.3930129891e-3    3.8094844058e-4
    4    -1.2512571860e1    2.0642781593e-5    1.4239386914e-6
    5    -1.2512571935e1    7.5404742006e-8    3.2945450892e-7
    6    -1.2512571935e1   2.7185009799e-10    4.0251896853e-7
    7    -1.2512571935e1   4.0678571622e-13    4.9752847081e-7
    8    -1.2512571935e1  -3.2507330161e-13    6.1642351347e-7
    9    -1.2512571935e1  -1.9985790800e-11    7.5993106432e-7
   10    -1.2512571935e1   7.7857720271e-12    4.1978779720e-7
   11    -1.2512571935e1   1.6852297335e-11    3.2597513504e-9
-------------------------------------------------------------- 
                        SCC converged                         
                                                                                 
dftb energy: -12.51257193529186 Hartree
dispersion energy:   0.00000000000000 Hartree
Total energy: -12.51257193529186 Hartree
-------------------------------------------------------------------------------- 
                                                       elapsed time:     0.00 s
                                                                                 
  Orb.    Occ.      Energy/Hartree |   Orb.    Occ.      Energy/Hartree
----------------------------------------------------------------------- 
MO:    1      2  -0.69264067733247 | MO:    2      2  -0.61167704005907
MO:    3      2  -0.61167581499656 | MO:    4      2  -0.48680171086719
MO:    5      2  -0.48680088568674 | MO:    6      2  -0.39786090758298
MO:    7      2  -0.37201911796204 | MO:    8      2  -0.35757831556632
MO:    9      2  -0.32931775044007 | MO:   10      2  -0.32931663656068
MO:   11      2  -0.32760687308984 | MO:   12      2  -0.28006364921373
MO:   13      2  -0.28006202885105 | MO:   14      2  -0.24376860082319
MO:   15      2  -0.24376674638357 | MO:   16      0  -0.04673920613379
MO:   17      0  -0.04673611237163 | MO:   18      0   0.09507825186731
MO:   19      0   0.31774475691800 | MO:   20      0   0.35755029687533
MO:   21      0   0.35755428856595 | MO:   22      0   0.52283256960691
MO:   23      0   0.53946236278189 | MO:   24      0   0.53946629459963
MO:   25      0   0.75831396337290 | MO:   26      0   0.75833528278395
MO:   27      0   0.81283921099245 | MO:   28      0   0.81285349186318
MO:   29      0   0.96021516576140 | MO:   30      0   1.12463768555524
----------------------------------------------------------------------- 
                                                 total elapsed time:     0.03 s
                                                                                
                     ::::::::::::::::::::::::::::::::::::::                     
                     ::   Thank you for using DIALECT    ::                     
                     ::::::::::::::::::::::::::::::::::::::                     
                                                                                
