                               -----------------                                
                                    DIALECT                                     
                               -----------------                                
                                 version: 0.2.0                                 
                                                                                
            :::::::::::::::::::::::::::::::::::::::::::::::::::::::             
            ::                   Roland Mitric                   ::             
            ::  Institute of Physical and Theoretical Chemistry  ::             
            ::              University of Wuerzburg              ::             
        ::::::...................................................::::::         
        :: Contributors:                                             ::         
        :: --------                                                  ::         
        :: Joscha Hoche             <joscha.hoche@uni-wuerzburg.de>  ::         
        :: Richard Einsele       <richard.einsele@uni-wuerzburg.de>  ::         
        :::::::::::::::::::::::::::::::::::::::::::::::::::::::::::::::         
                                                                                
                                                                                
--------------------------------------------------------------------------------
                   Finished input check. No problems occured!                   
-------------------------------------------------------------------------------- 
                                                                                 
                                                                                
                                  SCC-Routine                                   
--------------------------------------------------------------------------------
max. iterations:          250
electronic temperature:   0 K
repulsive energy:         0.41426095866295 Hartree
                                                                                
SCC Iterations: all quantities are in atomic units 
-------------------------------------------------------------- 
Iter.         SCC Energy       Energy diff.           dq diff.
-------------------------------------------------------------- 
    1    -1.5218505793e1    0.0000000000000    7.5158260688e-2
    2    -1.5222603610e1    4.0978176134e-3    1.1551675689e-2
    3    -1.5222603005e1   -6.0539491287e-7    2.0845933586e-3
    4    -1.5222600447e1   -2.5583181991e-6    2.9236704848e-4
    5    -1.5222600194e1   -2.5253297586e-7    3.8570991586e-5
    6    -1.5222600189e1   -5.2099835557e-9    4.9671810671e-6
    7    -1.5222600187e1   -1.9595205458e-9    6.7681412375e-7
    8    -1.5222600187e1   1.0042988663e-10    7.7811339464e-8
    9    -1.5222600187e1  -7.8872020026e-11    2.4568698111e-9
-------------------------------------------------------------- 
                        SCC converged                         
                                                                                 
dftb energy: -15.22260018695962 Hartree
dispersion energy:   0.00000000000000 Hartree
Total energy: -15.22260018695962 Hartree
-------------------------------------------------------------------------------- 
                                                       elapsed time:     0.00 s
                                                                                 
  Orb.    Occ.      Energy/Hartree |   Orb.    Occ.      Energy/Hartree
----------------------------------------------------------------------- 
MO:    1      2  -0.84260543078030 | MO:    2      2  -0.74273533626927
MO:    3      2  -0.74273447489009 | MO:    4      2  -0.60478618547182
MO:    5      2  -0.60478562269574 | MO:    6      2  -0.52541950314845
MO:    7      2  -0.48029609076168 | MO:    8      2  -0.45104998426877
MO:    9      2  -0.45013932311282 | MO:   10      2  -0.42791222973293
MO:   11      2  -0.42791098967952 | MO:   12      2  -0.36524803801995
MO:   13      2  -0.36524619966437 | MO:   14      2  -0.34115071484560
MO:   15      2  -0.34114854467719 | MO:   16      0   0.04601257195899
MO:   17      0   0.04601624184212 | MO:   18      0   0.22056489196342
MO:   19      0   0.61256661186490 | MO:   20      0   0.62353567682380
MO:   21      0   0.62354352185313 | MO:   22      0   0.91358524128537
MO:   23      0   0.91359418255124 | MO:   24      0   0.97236227880775
MO:   25      0   1.21413418324163 | MO:   26      0   1.21414981084804
MO:   27      0   1.24165969846792 | MO:   28      0   1.24168784974628
MO:   29      0   1.30607429428639 | MO:   30      0   1.77111952843721
----------------------------------------------------------------------- 
                                                 total elapsed time:     0.03 s
                                                                                
                     ::::::::::::::::::::::::::::::::::::::                     
                     ::   Thank you for using DIALECT    ::                     
                     ::::::::::::::::::::::::::::::::::::::                     
                                                                                
