                               -----------------                                
                                    DIALECT                                     
                               -----------------                                
                                 version: 0.2.0                                 
                                                                                
            :::::::::::::::::::::::::::::::::::::::::::::::::::::::             
            ::                   Roland Mitric                   ::             
            ::  Institute of Physical and Theoretical Chemistry  ::             
            ::              University of Wuerzburg              ::             
        ::::::...................................................::::::         
        :: Contributors:                                             ::         
        :: --------                                                  ::         
        :: Richard Einsele       <richard.einsele@uni-wuerzburg.de>  ::         
        :: Joscha Hoche             <joscha.hoche@uni-wuerzburg.de>  ::         
        :: Xincheng Miao           <xincheng.miao@uni-wuerzburg.de>  ::         
        :: Luca Nils Philipp   <luca_nils.philipp@uni-wuerzburg.de>  ::         
        :::::::::::::::::::::::::::::::::::::::::::::::::::::::::::::::         
                                                                                
                                                                                
--------------------------------------------------------------------------------
                   Finished input check. No problems occured!                   
-------------------------------------------------------------------------------- 
                                                                                 
                                                                                
                             Geometry optimization                              
--------------------------------------------------------------------------------

                                                                                
                                  SCC-Routine                                   
--------------------------------------------------------------------------------
max. iterations:          250
electronic temperature:   0 K
repulsive energy:         0.08402477456851 Hartree
                                                                                
SCC Iterations: all quantities are in atomic units 
-------------------------------------------------------------- 
Iter.         SCC Energy       Energy diff.           dq diff.
-------------------------------------------------------------- 
    1    -1.2509688236e1    0.0000000000000    1.0578603538e-1
    2    -1.2510158204e1    4.6996811244e-4    3.5745273454e-2
    3    -1.2512551217e1    2.3930129891e-3    3.8094844058e-4
    4    -1.2512571860e1    2.0642781593e-5    1.4239386914e-6
    5    -1.2512571935e1    7.5404742006e-8    3.2945450892e-7
    6    -1.2512571935e1   2.7185009799e-10    4.0251896853e-7
    7    -1.2512571935e1   4.0678571622e-13    4.9752847081e-7
    8    -1.2512571935e1  -3.2507330161e-13    6.1642351347e-7
    9    -1.2512571935e1  -1.9985790800e-11    7.5993106432e-7
   10    -1.2512571935e1   7.7857720271e-12    4.1978779720e-7
   11    -1.2512571935e1   1.6852297335e-11    3.2597513504e-9
-------------------------------------------------------------- 
                        SCC converged                         
                                                                                 
dftb energy: -12.51257193529186 Hartree
dispersion energy:   0.00000000000000 Hartree
Total energy: -12.51257193529186 Hartree
-------------------------------------------------------------------------------- 
                                                       elapsed time:     0.00 s
                                                                                
                                  SCC-Routine                                   
--------------------------------------------------------------------------------
max. iterations:          250
electronic temperature:   0 K
repulsive energy:         0.08338065495110 Hartree
                                                                                
SCC Iterations: all quantities are in atomic units 
-------------------------------------------------------------- 
Iter.         SCC Energy       Energy diff.           dq diff.
-------------------------------------------------------------- 
    1    -1.2512577537e1    0.0000000000000    8.9876877694e-5
    2    -1.2512579152e1    1.6144173980e-6    3.0077052640e-5
    3    -1.2512577538e1   -1.6133444980e-6    6.0950529885e-8
    4    -1.2512577539e1   9.4904173409e-10    2.5258771919e-8
    5    -1.2512577539e1  -2.7609914355e-11    3.4623959538e-8
    6    -1.2512577539e1   1.3818279854e-11    4.4366892400e-8
    7    -1.2512577539e1  -1.3617551531e-11    5.5389551596e-8
    8    -1.2512577539e1   1.1286971358e-11    6.8353186717e-8
    9    -1.2512577539e1   5.8673066405e-12    3.7597160808e-8
   10    -1.2512577539e1  -9.7877261851e-12   2.4760907790e-10
-------------------------------------------------------------- 
                        SCC converged                         
                                                                                 
dftb energy: -12.51257753934186 Hartree
dispersion energy:   0.00000000000000 Hartree
Total energy: -12.51257753934186 Hartree
-------------------------------------------------------------------------------- 
                                                       elapsed time:     0.00 s
                                                                                
                                  SCC-Routine                                   
--------------------------------------------------------------------------------
max. iterations:          250
electronic temperature:   0 K
repulsive energy:         0.08338065495110 Hartree
                                                                                
SCC Iterations: all quantities are in atomic units 
-------------------------------------------------------------- 
Iter.         SCC Energy       Energy diff.           dq diff.
-------------------------------------------------------------- 
    1    -1.2512577539e1    0.0000000000000   1.4692431558e-10
    2    -1.2512577539e1   8.1890050296e-13   7.8398676866e-11
-------------------------------------------------------------- 
                        SCC converged                         
                                                                                 
dftb energy: -12.51257753934261 Hartree
dispersion energy:   0.00000000000000 Hartree
Total energy: -12.51257753934261 Hartree
-------------------------------------------------------------------------------- 
                                                       elapsed time:     0.00 s
Optimization Cycle: 1
 
                              Maximum     Tolerance     Cnvgd?
          Gradient            0.00100319     0.00000100     No
          Displacement        0.00000000     0.00000100     Yes
          Energy change       0.00000560     0.00000010     No
 
                                                                                
                                  SCC-Routine                                   
--------------------------------------------------------------------------------
max. iterations:          250
electronic temperature:   0 K
repulsive energy:         0.08183207808742 Hartree
                                                                                
SCC Iterations: all quantities are in atomic units 
-------------------------------------------------------------- 
Iter.         SCC Energy       Energy diff.           dq diff.
-------------------------------------------------------------- 
    1    -1.2512585786e1    0.0000000000000    5.5632970045e-5
    2    -1.2512586787e1    1.0003757982e-6    1.8635814732e-5
    3    -1.2512585786e1   -1.0005975835e-6    3.4716418841e-7
    4    -1.2512585787e1    1.1423963997e-9    3.8540395034e-7
    5    -1.2512585787e1  -2.6536994824e-10    4.3150111248e-7
    6    -1.2512585787e1   2.1327117850e-10    4.5495195756e-7
    7    -1.2512585787e1  -1.8923884681e-10    4.4798675737e-7
    8    -1.2512585787e1   9.0615515091e-11    2.7673305933e-7
    9    -1.2512585787e1   3.1779023857e-11    5.8578327796e-8
   10    -1.2512585787e1  -3.4216185441e-11   3.6379796583e-10
-------------------------------------------------------------- 
                        SCC converged                         
                                                                                 
dftb energy: -12.51258578722747 Hartree
dispersion energy:   0.00000000000000 Hartree
Total energy: -12.51258578722747 Hartree
-------------------------------------------------------------------------------- 
                                                       elapsed time:     0.00 s
                                                                                
                                  SCC-Routine                                   
--------------------------------------------------------------------------------
max. iterations:          250
electronic temperature:   0 K
repulsive energy:         0.08183207808742 Hartree
                                                                                
SCC Iterations: all quantities are in atomic units 
-------------------------------------------------------------- 
Iter.         SCC Energy       Energy diff.           dq diff.
-------------------------------------------------------------- 
    1    -1.2512585787e1    0.0000000000000   1.7071614420e-10
    2    -1.2512585787e1  -1.8349766151e-12   5.8403950210e-11
-------------------------------------------------------------- 
                        SCC converged                         
                                                                                 
dftb energy: -12.51258578722585 Hartree
dispersion energy:   0.00000000000000 Hartree
Total energy: -12.51258578722585 Hartree
-------------------------------------------------------------------------------- 
                                                       elapsed time:     0.00 s
Optimization Cycle: 2
 
                              Maximum     Tolerance     Cnvgd?
          Gradient            0.00074566     0.00000100     No
          Displacement        0.00100319     0.00000100     No
          Energy change       0.00000825     0.00000010     No
 
                                                                                
                                  SCC-Routine                                   
--------------------------------------------------------------------------------
max. iterations:          250
electronic temperature:   0 K
repulsive energy:         0.08030997163801 Hartree
                                                                                
SCC Iterations: all quantities are in atomic units 
-------------------------------------------------------------- 
Iter.         SCC Energy       Energy diff.           dq diff.
-------------------------------------------------------------- 
    1    -1.2512588518e1    0.0000000000000    8.6660946093e-5
    2    -1.2512590045e1    1.5273119409e-6    2.8905838997e-5
    3    -1.2512588511e1   -1.5345468771e-6    6.9242887425e-7
    4    -1.2512588521e1    1.0057716437e-8    5.3537397333e-7
    5    -1.2512588520e1   -1.4123902048e-9    6.2278195696e-7
    6    -1.2512588520e1   7.7531048248e-10    6.8618372274e-7
    7    -1.2512588520e1  -6.9361405508e-10    7.0738891479e-7
    8    -1.2512588520e1   2.5800694914e-10    4.5585334237e-7
    9    -1.2512588520e1   2.4844482027e-10    1.0296127665e-7
   10    -1.2512588520e1  -1.7450041412e-10   6.6999687927e-10
-------------------------------------------------------------- 
                        SCC converged                         
                                                                                 
dftb energy: -12.51258851991458 Hartree
dispersion energy:   0.00000000000000 Hartree
Total energy: -12.51258851991458 Hartree
-------------------------------------------------------------------------------- 
                                                       elapsed time:     0.00 s
                                                                                
                                  SCC-Routine                                   
--------------------------------------------------------------------------------
max. iterations:          250
electronic temperature:   0 K
repulsive energy:         0.08030997163801 Hartree
                                                                                
SCC Iterations: all quantities are in atomic units 
-------------------------------------------------------------- 
Iter.         SCC Energy       Energy diff.           dq diff.
-------------------------------------------------------------- 
    1    -1.2512588520e1    0.0000000000000   3.5269607672e-10
    2    -1.2512588520e1   6.3504757009e-12   1.6396943271e-10
-------------------------------------------------------------- 
                        SCC converged                         
                                                                                 
dftb energy: -12.51258851992116 Hartree
dispersion energy:   0.00000000000000 Hartree
Total energy: -12.51258851992116 Hartree
-------------------------------------------------------------------------------- 
                                                       elapsed time:     0.00 s
Optimization Cycle: 3
 
                              Maximum     Tolerance     Cnvgd?
          Gradient            0.00037816     0.00000100     No
          Displacement        0.00204152     0.00000100     No
          Energy change       0.00000273     0.00000010     No
 
                                                                                
                                  SCC-Routine                                   
--------------------------------------------------------------------------------
max. iterations:          250
electronic temperature:   0 K
repulsive energy:         0.08024127740188 Hartree
                                                                                
SCC Iterations: all quantities are in atomic units 
-------------------------------------------------------------- 
Iter.         SCC Energy       Energy diff.           dq diff.
-------------------------------------------------------------- 
    1    -1.2512588449e1    0.0000000000000    7.0860313078e-5
    2    -1.2512587691e1   -7.5835479052e-7    2.0715600416e-5
    3    -1.2512588554e1    8.6313142056e-7    2.4607493934e-6
    4    -1.2512588445e1   -1.0854605925e-7    9.9601469052e-7
    5    -1.2512588451e1    5.9311613398e-9    8.9543456500e-7
    6    -1.2512588449e1   -2.0843362591e-9    6.7181191357e-7
    7    -1.2512588450e1    1.0112692905e-9    4.4837848615e-7
    8    -1.2512588450e1   1.1671197342e-10    1.9495303838e-7
    9    -1.2512588449e1  -6.5852212572e-10    2.0404850313e-8
   10    -1.2512588450e1   2.0386359267e-10   5.8664753970e-10
-------------------------------------------------------------- 
                        SCC converged                         
                                                                                 
dftb energy: -12.51258844960906 Hartree
dispersion energy:   0.00000000000000 Hartree
Total energy: -12.51258844960906 Hartree
-------------------------------------------------------------------------------- 
                                                       elapsed time:     0.00 s
                                                                                
                                  SCC-Routine                                   
--------------------------------------------------------------------------------
max. iterations:          250
electronic temperature:   0 K
repulsive energy:         0.08025498154968 Hartree
                                                                                
SCC Iterations: all quantities are in atomic units 
-------------------------------------------------------------- 
Iter.         SCC Energy       Energy diff.           dq diff.
-------------------------------------------------------------- 
    1    -1.2512588495e1    0.0000000000000    1.4171454681e-5
    2    -1.2512588646e1    1.5183238666e-7    4.1432271320e-6
    3    -1.2512588474e1   -1.7260999208e-7    4.9216055548e-7
    4    -1.2512588496e1    2.1711707987e-8    1.9925825513e-7
    5    -1.2512588494e1   -1.1858336535e-9    1.7908897415e-7
    6    -1.2512588495e1   4.1666936568e-10    1.3432372578e-7
    7    -1.2512588495e1  -2.0194868000e-10    8.9625754226e-8
    8    -1.2512588495e1  -2.3387514148e-11    3.8962551638e-8
    9    -1.2512588495e1   1.3167067436e-10    4.0773421627e-9
-------------------------------------------------------------- 
                        SCC converged                         
                                                                                 
dftb energy: -12.51258849470885 Hartree
dispersion energy:   0.00000000000000 Hartree
Total energy: -12.51258849470885 Hartree
-------------------------------------------------------------------------------- 
                                                       elapsed time:     0.00 s
                                                                                
                                  SCC-Routine                                   
--------------------------------------------------------------------------------
max. iterations:          250
electronic temperature:   0 K
repulsive energy:         0.08026595735728 Hartree
                                                                                
SCC Iterations: all quantities are in atomic units 
-------------------------------------------------------------- 
Iter.         SCC Energy       Energy diff.           dq diff.
-------------------------------------------------------------- 
    1    -1.2512588520e1    0.0000000000000    1.1337723708e-5
    2    -1.2512588641e1    1.2147990525e-7    3.3149318159e-6
    3    -1.2512588503e1   -1.3810793398e-7    3.9372456222e-7
    4    -1.2512588520e1    1.7370398453e-8    1.5936310930e-7
    5    -1.2512588519e1  -9.4857277588e-10    1.4325591782e-7
    6    -1.2512588520e1   3.3338132255e-10    1.0747171138e-7
    7    -1.2512588520e1  -1.6163426153e-10    7.1725271084e-8
    8    -1.2512588519e1  -1.8703261162e-11    3.1186036846e-8
    9    -1.2512588520e1   1.0537348771e-10    3.2645272677e-9
-------------------------------------------------------------- 
                        SCC converged                         
                                                                                 
dftb energy: -12.51258851958958 Hartree
dispersion energy:   0.00000000000000 Hartree
Total energy: -12.51258851958958 Hartree
-------------------------------------------------------------------------------- 
                                                       elapsed time:     0.00 s
                                                                                
                                  SCC-Routine                                   
--------------------------------------------------------------------------------
max. iterations:          250
electronic temperature:   0 K
repulsive energy:         0.08027474599773 Hartree
                                                                                
SCC Iterations: all quantities are in atomic units 
-------------------------------------------------------------- 
Iter.         SCC Energy       Energy diff.           dq diff.
-------------------------------------------------------------- 
    1    -1.2512588532e1    0.0000000000000    9.0705092914e-6
    2    -1.2512588630e1    9.7192183190e-8    2.6521596039e-6
    3    -1.2512588519e1   -1.1049851700e-7    3.1498309819e-7
    4    -1.2512588533e1    1.3897109241e-8    1.2747042027e-7
    5    -1.2512588532e1  -7.5881523287e-10    1.1459718090e-7
    6    -1.2512588532e1   2.6672353215e-10    8.5982770238e-8
    7    -1.2512588532e1  -1.2934009419e-10    5.7391374560e-8
    8    -1.2512588532e1  -1.4965806372e-11    2.4956232956e-8
    9    -1.2512588532e1   8.4314777382e-11    2.6129048542e-9
-------------------------------------------------------------- 
                        SCC converged                         
                                                                                 
dftb energy: -12.51258853235306 Hartree
dispersion energy:   0.00000000000000 Hartree
Total energy: -12.51258853235306 Hartree
-------------------------------------------------------------------------------- 
                                                       elapsed time:     0.00 s
                                                                                
                                  SCC-Routine                                   
--------------------------------------------------------------------------------
max. iterations:          250
electronic temperature:   0 K
repulsive energy:         0.08027474599773 Hartree
                                                                                
SCC Iterations: all quantities are in atomic units 
-------------------------------------------------------------- 
Iter.         SCC Energy       Energy diff.           dq diff.
-------------------------------------------------------------- 
    1    -1.2512588532e1    0.0000000000000   9.4588749671e-11
    2    -1.2512588532e1  -1.2772005675e-12   5.4658736376e-11
-------------------------------------------------------------- 
                        SCC converged                         
                                                                                 
dftb energy: -12.51258853232543 Hartree
dispersion energy:   0.00000000000000 Hartree
Total energy: -12.51258853232543 Hartree
-------------------------------------------------------------------------------- 
                                                       elapsed time:     0.00 s
Optimization Cycle: 4
 
                              Maximum     Tolerance     Cnvgd?
          Gradient            0.00009388     0.00000100     No
          Displacement        0.00207476     0.00000100     No
          Energy change       0.00000001     0.00000010     Yes
 
                                                                                
                                  SCC-Routine                                   
--------------------------------------------------------------------------------
max. iterations:          250
electronic temperature:   0 K
repulsive energy:         0.08029104217048 Hartree
                                                                                
SCC Iterations: all quantities are in atomic units 
-------------------------------------------------------------- 
Iter.         SCC Energy       Energy diff.           dq diff.
-------------------------------------------------------------- 
    1    -1.2512588537e1    0.0000000000000    1.8224035615e-5
    2    -1.2512588557e1    1.9102195381e-8    2.8236977468e-6
    3    -1.2512588528e1   -2.8775657412e-8    3.6731910882e-7
    4    -1.2512588540e1    1.2467763710e-8    1.9009495868e-7
    5    -1.2512588536e1   -3.9337564317e-9    1.6161792934e-7
    6    -1.2512588538e1    1.7662724616e-9    1.3139042016e-7
    7    -1.2512588537e1  -9.9287333910e-10    9.8899985714e-8
    8    -1.2512588537e1  -5.5162985291e-11    4.4101954994e-8
    9    -1.2512588538e1   5.1331561224e-10    2.6295493464e-9
-------------------------------------------------------------- 
                        SCC converged                         
                                                                                 
dftb energy: -12.51258853751405 Hartree
dispersion energy:   0.00000000000000 Hartree
Total energy: -12.51258853751405 Hartree
-------------------------------------------------------------------------------- 
                                                       elapsed time:     0.00 s
                                                                                
                                  SCC-Routine                                   
--------------------------------------------------------------------------------
max. iterations:          250
electronic temperature:   0 K
repulsive energy:         0.08029104217048 Hartree
                                                                                
SCC Iterations: all quantities are in atomic units 
-------------------------------------------------------------- 
Iter.         SCC Energy       Energy diff.           dq diff.
-------------------------------------------------------------- 
    1    -1.2512588537e1    0.0000000000000   2.0390651502e-10
    2    -1.2512588537e1   3.0198066270e-14   1.1752061063e-10
-------------------------------------------------------------- 
                        SCC converged                         
                                                                                 
dftb energy: -12.51258853742907 Hartree
dispersion energy:   0.00000000000000 Hartree
Total energy: -12.51258853742907 Hartree
-------------------------------------------------------------------------------- 
                                                       elapsed time:     0.00 s
Optimization Cycle: 5
 
                              Maximum     Tolerance     Cnvgd?
          Gradient            0.00006859     0.00000100     No
          Displacement        0.00012418     0.00000100     No
          Energy change       0.00000001     0.00000010     Yes
 
                                                                                
                                  SCC-Routine                                   
--------------------------------------------------------------------------------
max. iterations:          250
electronic temperature:   0 K
repulsive energy:         0.08030915130856 Hartree
                                                                                
SCC Iterations: all quantities are in atomic units 
-------------------------------------------------------------- 
Iter.         SCC Energy       Energy diff.           dq diff.
-------------------------------------------------------------- 
    1    -1.2512588537e1    0.0000000000000    1.6164744572e-5
    2    -1.2512588758e1    2.2082542372e-7    5.0534368276e-6
    3    -1.2512588522e1   -2.3572813213e-7    3.8448377015e-7
    4    -1.2512588538e1    1.5550773114e-8    1.4982097545e-7
    5    -1.2512588537e1  -8.0881079612e-10    1.6216428895e-7
    6    -1.2512588537e1   3.7076119952e-10    1.5719100268e-7
    7    -1.2512588537e1  -2.7683810799e-10    1.3725808225e-7
    8    -1.2512588537e1   6.2858163119e-11    7.3455833328e-8
    9    -1.2512588537e1   1.1226397589e-10    1.1239451248e-8
   10    -1.2512588537e1  -5.8042459727e-11   1.6387128609e-10
-------------------------------------------------------------- 
                        SCC converged                         
                                                                                 
dftb energy: -12.51258853696193 Hartree
dispersion energy:   0.00000000000000 Hartree
Total energy: -12.51258853696193 Hartree
-------------------------------------------------------------------------------- 
                                                       elapsed time:     0.00 s
                                                                                
                                  SCC-Routine                                   
--------------------------------------------------------------------------------
max. iterations:          250
electronic temperature:   0 K
repulsive energy:         0.08030552760959 Hartree
                                                                                
SCC Iterations: all quantities are in atomic units 
-------------------------------------------------------------- 
Iter.         SCC Energy       Energy diff.           dq diff.
-------------------------------------------------------------- 
    1    -1.2512588539e1    0.0000000000000    3.2329308457e-6
    2    -1.2512588495e1   -4.4153280143e-8    1.0106642476e-6
    3    -1.2512588542e1    4.7145707782e-8    7.6909384457e-8
    4    -1.2512588539e1   -3.1102782572e-9    2.9990484070e-8
    5    -1.2512588539e1   1.6187762242e-10    3.2453233769e-8
    6    -1.2512588539e1  -7.4196648825e-11    3.1446334396e-8
    7    -1.2512588539e1   5.5376148111e-11    2.7447037558e-8
    8    -1.2512588539e1  -1.2548184714e-11    1.4683277315e-8
    9    -1.2512588539e1  -2.2458479521e-11    2.2450910525e-9
-------------------------------------------------------------- 
                        SCC converged                         
                                                                                 
dftb energy: -12.51258853869728 Hartree
dispersion energy:   0.00000000000000 Hartree
Total energy: -12.51258853869728 Hartree
-------------------------------------------------------------------------------- 
                                                       elapsed time:     0.00 s
                                                                                
                                  SCC-Routine                                   
--------------------------------------------------------------------------------
max. iterations:          250
electronic temperature:   0 K
repulsive energy:         0.08030552760959 Hartree
                                                                                
SCC Iterations: all quantities are in atomic units 
-------------------------------------------------------------- 
Iter.         SCC Energy       Energy diff.           dq diff.
-------------------------------------------------------------- 
    1    -1.2512588539e1    0.0000000000000   3.8902286516e-11
    2    -1.2512588539e1   7.0343730840e-13   2.1256573421e-11
-------------------------------------------------------------- 
                        SCC converged                         
                                                                                 
dftb energy: -12.51258853870975 Hartree
dispersion energy:   0.00000000000000 Hartree
Total energy: -12.51258853870975 Hartree
-------------------------------------------------------------------------------- 
                                                       elapsed time:     0.00 s
Optimization Cycle: 6
 
                              Maximum     Tolerance     Cnvgd?
          Gradient            0.00003714     0.00000100     No
          Displacement        0.00006847     0.00000100     No
          Energy change       0.00000000     0.00000010     Yes
 
                                                                                
                                  SCC-Routine                                   
--------------------------------------------------------------------------------
max. iterations:          250
electronic temperature:   0 K
repulsive energy:         0.08029501420757 Hartree
                                                                                
SCC Iterations: all quantities are in atomic units 
-------------------------------------------------------------- 
Iter.         SCC Energy       Energy diff.           dq diff.
-------------------------------------------------------------- 
    1    -1.2512588540e1    0.0000000000000    6.0636273414e-6
    2    -1.2512588432e1   -1.0831039532e-7    2.0374745726e-6
    3    -1.2512588541e1    1.0888762247e-7    1.3524070622e-7
    4    -1.2512588540e1  -7.0833294785e-10    1.1512843889e-7
    5    -1.2512588540e1   1.4244783131e-10    6.5159462807e-8
    6    -1.2512588540e1   9.8872021681e-12    2.9687746478e-8
    7    -1.2512588540e1  -1.9751311697e-11    1.2498829767e-8
    8    -1.2512588540e1   2.2907897801e-11    3.7560052286e-9
-------------------------------------------------------------- 
                        SCC converged                         
                                                                                 
dftb energy: -12.51258854014106 Hartree
dispersion energy:   0.00000000000000 Hartree
Total energy: -12.51258854014106 Hartree
-------------------------------------------------------------------------------- 
                                                       elapsed time:     0.00 s
                                                                                
                                  SCC-Routine                                   
--------------------------------------------------------------------------------
max. iterations:          250
electronic temperature:   0 K
repulsive energy:         0.08029501420757 Hartree
                                                                                
SCC Iterations: all quantities are in atomic units 
-------------------------------------------------------------- 
Iter.         SCC Energy       Energy diff.           dq diff.
-------------------------------------------------------------- 
    1    -1.2512588540e1    0.0000000000000   2.1042756611e-10
    2    -1.2512588540e1   4.3165471197e-13   6.2490870050e-11
-------------------------------------------------------------- 
                        SCC converged                         
                                                                                 
dftb energy: -12.51258854012615 Hartree
dispersion energy:   0.00000000000000 Hartree
Total energy: -12.51258854012615 Hartree
-------------------------------------------------------------------------------- 
                                                       elapsed time:     0.00 s
Optimization Cycle: 7
 
                              Maximum     Tolerance     Cnvgd?
          Gradient            0.00002063     0.00000100     No
          Displacement        0.00005321     0.00000100     No
          Energy change       0.00000000     0.00000010     Yes
 
                                                                                
                                  SCC-Routine                                   
--------------------------------------------------------------------------------
max. iterations:          250
electronic temperature:   0 K
repulsive energy:         0.08029561292461 Hartree
                                                                                
SCC Iterations: all quantities are in atomic units 
-------------------------------------------------------------- 
Iter.         SCC Energy       Energy diff.           dq diff.
-------------------------------------------------------------- 
    1    -1.2512588540e1    0.0000000000000    9.2210093140e-7
    2    -1.2512588543e1    2.7845192818e-9    3.3291795848e-7
    3    -1.2512588540e1   -3.1523885724e-9    7.2547245603e-8
    4    -1.2512588540e1   3.4818903316e-10    7.9861391485e-9
-------------------------------------------------------------- 
                        SCC converged                         
                                                                                 
dftb energy: -12.51258854011021 Hartree
dispersion energy:   0.00000000000000 Hartree
Total energy: -12.51258854011021 Hartree
-------------------------------------------------------------------------------- 
                                                       elapsed time:     0.00 s
                                                                                
                                  SCC-Routine                                   
--------------------------------------------------------------------------------
max. iterations:          250
electronic temperature:   0 K
repulsive energy:         0.08029549317729 Hartree
                                                                                
SCC Iterations: all quantities are in atomic units 
-------------------------------------------------------------- 
Iter.         SCC Energy       Energy diff.           dq diff.
-------------------------------------------------------------- 
    1    -1.2512588540e1    0.0000000000000    1.8549107230e-7
    2    -1.2512588540e1  -6.0054894391e-10    6.7055963460e-8
    3    -1.2512588540e1   6.7798744396e-10    1.4559495580e-8
    4    -1.2512588540e1  -7.2258643513e-11    1.6572869831e-9
-------------------------------------------------------------- 
                        SCC converged                         
                                                                                 
dftb energy: -12.51258854013806 Hartree
dispersion energy:   0.00000000000000 Hartree
Total energy: -12.51258854013806 Hartree
-------------------------------------------------------------------------------- 
                                                       elapsed time:     0.00 s
                                                                                
                                  SCC-Routine                                   
--------------------------------------------------------------------------------
max. iterations:          250
electronic temperature:   0 K
repulsive energy:         0.08029549317729 Hartree
                                                                                
SCC Iterations: all quantities are in atomic units 
-------------------------------------------------------------- 
Iter.         SCC Energy       Energy diff.           dq diff.
-------------------------------------------------------------- 
    1    -1.2512588540e1    0.0000000000000   6.7882950079e-10
    2    -1.2512588540e1   9.1944230007e-12   2.5101184511e-10
-------------------------------------------------------------- 
                        SCC converged                         
                                                                                 
dftb energy: -12.51258854014208 Hartree
dispersion energy:   0.00000000000000 Hartree
Total energy: -12.51258854014208 Hartree
-------------------------------------------------------------------------------- 
                                                       elapsed time:     0.00 s
Optimization Cycle: 8
 
                              Maximum     Tolerance     Cnvgd?
          Gradient            0.00000295     0.00000100     No
          Displacement        0.00002319     0.00000100     No
          Energy change       0.00000000     0.00000010     Yes
 
                                                                                
                                  SCC-Routine                                   
--------------------------------------------------------------------------------
max. iterations:          250
electronic temperature:   0 K
repulsive energy:         0.08029589316260 Hartree
                                                                                
SCC Iterations: all quantities are in atomic units 
-------------------------------------------------------------- 
Iter.         SCC Energy       Energy diff.           dq diff.
-------------------------------------------------------------- 
    1    -1.2512588540e1    0.0000000000000    6.4295458685e-7
    2    -1.2512588543e1    2.9049953554e-9    2.3582096616e-7
    3    -1.2512588540e1   -3.2756837243e-9    5.1656181783e-8
    4    -1.2512588540e1   3.4442138030e-10    6.9809321994e-9
-------------------------------------------------------------- 
                        SCC converged                         
                                                                                 
dftb energy: -12.51258854010746 Hartree
dispersion energy:   0.00000000000000 Hartree
Total energy: -12.51258854010746 Hartree
-------------------------------------------------------------------------------- 
                                                       elapsed time:     0.00 s
                                                                                
                                  SCC-Routine                                   
--------------------------------------------------------------------------------
max. iterations:          250
electronic temperature:   0 K
repulsive energy:         0.08029581316384 Hartree
                                                                                
SCC Iterations: all quantities are in atomic units 
-------------------------------------------------------------- 
Iter.         SCC Energy       Energy diff.           dq diff.
-------------------------------------------------------------- 
    1    -1.2512588540e1    0.0000000000000    1.2855888968e-7
    2    -1.2512588540e1  -6.2223293185e-10    4.6872597503e-8
    3    -1.2512588540e1   7.0238570515e-10    1.0256135650e-8
    4    -1.2512588540e1  -7.3669070844e-11    1.4539924889e-9
-------------------------------------------------------------- 
                        SCC converged                         
                                                                                 
dftb energy: -12.51258854014175 Hartree
dispersion energy:   0.00000000000000 Hartree
Total energy: -12.51258854014175 Hartree
-------------------------------------------------------------------------------- 
                                                       elapsed time:     0.00 s
                                                                                
                                  SCC-Routine                                   
--------------------------------------------------------------------------------
max. iterations:          250
electronic temperature:   0 K
repulsive energy:         0.08029574916545 Hartree
                                                                                
SCC Iterations: all quantities are in atomic units 
-------------------------------------------------------------- 
Iter.         SCC Energy       Energy diff.           dq diff.
-------------------------------------------------------------- 
    1    -1.2512588540e1    0.0000000000000    1.0289491140e-7
    2    -1.2512588540e1  -4.5620929257e-10    3.7795844854e-8
    3    -1.2512588540e1   5.1429971393e-10    8.2806024769e-9
-------------------------------------------------------------- 
                        SCC converged                         
                                                                                 
dftb energy: -12.51258854019394 Hartree
dispersion energy:   0.00000000000000 Hartree
Total energy: -12.51258854019394 Hartree
-------------------------------------------------------------------------------- 
                                                       elapsed time:     0.00 s
                                                                                
                                  SCC-Routine                                   
--------------------------------------------------------------------------------
max. iterations:          250
electronic temperature:   0 K
repulsive energy:         0.08029574916545 Hartree
                                                                                
SCC Iterations: all quantities are in atomic units 
-------------------------------------------------------------- 
Iter.         SCC Energy       Energy diff.           dq diff.
-------------------------------------------------------------- 
    1    -1.2512588540e1    0.0000000000000    1.8099337089e-9
    2    -1.2512588540e1  -2.4984458946e-11    1.0168923481e-9
-------------------------------------------------------------- 
                        SCC converged                         
                                                                                 
dftb energy: -12.51258854011087 Hartree
dispersion energy:   0.00000000000000 Hartree
Total energy: -12.51258854011087 Hartree
-------------------------------------------------------------------------------- 
                                                       elapsed time:     0.00 s
Optimization Cycle: 9
 
                              Maximum     Tolerance     Cnvgd?
          Gradient            0.00000131     0.00000100     No
          Displacement        0.00000290     0.00000100     No
          Energy change       0.00000000     0.00000010     Yes
 
                                                                                
                                  SCC-Routine                                   
--------------------------------------------------------------------------------
max. iterations:          250
electronic temperature:   0 K
repulsive energy:         0.08029564442332 Hartree
                                                                                
SCC Iterations: all quantities are in atomic units 
-------------------------------------------------------------- 
Iter.         SCC Energy       Energy diff.           dq diff.
-------------------------------------------------------------- 
    1    -1.2512588540e1    0.0000000000000    8.0717920141e-8
    2    -1.2512588540e1  -3.8207659259e-10    2.3529344305e-8
    3    -1.2512588540e1   4.1344527801e-10    1.4532649106e-9
-------------------------------------------------------------- 
                        SCC converged                         
                                                                                 
dftb energy: -12.51258854016776 Hartree
dispersion energy:   0.00000000000000 Hartree
Total energy: -12.51258854016776 Hartree
-------------------------------------------------------------------------------- 
                                                       elapsed time:     0.00 s
                                                                                
                                  SCC-Routine                                   
--------------------------------------------------------------------------------
max. iterations:          250
electronic temperature:   0 K
repulsive energy:         0.08029564442332 Hartree
                                                                                
SCC Iterations: all quantities are in atomic units 
-------------------------------------------------------------- 
Iter.         SCC Energy       Energy diff.           dq diff.
-------------------------------------------------------------- 
    1    -1.2512588540e1    0.0000000000000   3.8676690803e-10
    2    -1.2512588540e1   6.4659388954e-13   2.0712692915e-10
-------------------------------------------------------------- 
                        SCC converged                         
                                                                                 
dftb energy: -12.51258854013704 Hartree
dispersion energy:   0.00000000000000 Hartree
Total energy: -12.51258854013704 Hartree
-------------------------------------------------------------------------------- 
                                                       elapsed time:     0.00 s
Optimization Cycle: 10
 
                              Maximum     Tolerance     Cnvgd?
          Gradient            0.00000053     0.00000100     Yes
          Displacement        0.00000139     0.00000100     No
          Energy change       0.00000000     0.00000010     Yes
 
                                                                                
                                  SCC-Routine                                   
--------------------------------------------------------------------------------
max. iterations:          250
electronic temperature:   0 K
repulsive energy:         0.08029562503259 Hartree
                                                                                
SCC Iterations: all quantities are in atomic units 
-------------------------------------------------------------- 
Iter.         SCC Energy       Energy diff.           dq diff.
-------------------------------------------------------------- 
    1    -1.2512588540e1    0.0000000000000    2.8798499198e-8
    2    -1.2512588540e1  -5.9186433532e-11    1.1172243691e-8
    3    -1.2512588540e1   8.8180129865e-11    3.4415898347e-9
-------------------------------------------------------------- 
                        SCC converged                         
                                                                                 
dftb energy: -12.51258854016550 Hartree
dispersion energy:   0.00000000000000 Hartree
Total energy: -12.51258854016550 Hartree
-------------------------------------------------------------------------------- 
                                                       elapsed time:     0.00 s
                                                                                
                                  SCC-Routine                                   
--------------------------------------------------------------------------------
max. iterations:          250
electronic temperature:   0 K
repulsive energy:         0.08029562503259 Hartree
                                                                                
SCC Iterations: all quantities are in atomic units 
-------------------------------------------------------------- 
Iter.         SCC Energy       Energy diff.           dq diff.
-------------------------------------------------------------- 
    1    -1.2512588540e1    0.0000000000000    1.3691925194e-9
    2    -1.2512588540e1  -1.5187850977e-12   7.6079700683e-10
-------------------------------------------------------------- 
                        SCC converged                         
                                                                                 
dftb energy: -12.51258854013500 Hartree
dispersion energy:   0.00000000000000 Hartree
Total energy: -12.51258854013500 Hartree
-------------------------------------------------------------------------------- 
                                                       elapsed time:     0.00 s
Optimization Cycle: 11
 
                              Maximum     Tolerance     Cnvgd?
          Gradient            0.00000010     0.00000100     Yes
          Displacement        0.00000046     0.00000100     Yes
          Energy change       0.00000000     0.00000010     Yes
 
 
final coordinates after the optimization:
    C      -4.9935257671       2.9321512525      -0.0000000000
    C      -4.2075060131       4.0856979685       0.0000000000
    C      -2.8154953811       3.9817583875       0.0000000000
    C      -4.3875346154       1.6746649922      -0.0000000000
    C      -2.9955239554       1.5707254062       0.0000000000
    C      -2.2095042010       2.7242720911       0.0000000000
    H      -6.0788778139       3.0131924849      -0.0000000000
    H      -4.6799966810       5.0661617012       0.0000000000
    H      -5.0003944449       0.7752433286      -0.0000000000
    H      -2.5230327666       0.5902619397       0.0000000000
    H      -1.1241522225       2.6432299556       0.0000000000
    H      -2.2026361381       4.8811804920       0.0000000000

                                                                                
-------------------------------------------------------------------------------- 
                                                 total elapsed time:     0.13 s
                                                                                
                     ::::::::::::::::::::::::::::::::::::::                     
                     ::   Thank you for using DIALECT    ::                     
                     ::::::::::::::::::::::::::::::::::::::                     
                                                                                
